2022-12-29 20:50:19,741 DEBUG: com.xilinx.installer.api.e:? - Log file location: C:\Users\harsh\.Xilinx\xinstall\xinstall_1672327215599.log
2022-12-29 20:50:20,008 DEBUG: com.xilinx.installer.api.e:? - Memory usage -- Used memory: 6133 MB. Total memory: 7991 MB
Recent cpu usage for system: 0%
2022-12-29 20:50:20,020 DEBUG: com.xilinx.installer.api.d:? - This is a fresh installation.
2022-12-29 20:50:20,025 DEBUG: n.o:? - O: The system cannot find the file specified.

2022-12-29 20:50:20,415 DEBUG: com.xilinx.installer.api.e:? - PAYLOAD_LOCATION_FROM_USER is not set.
2022-12-29 20:50:20,416 DEBUG: com.xilinx.installer.api.e:? - Payload was found within the image, C:\Users\harsh\Downloads\Xilinx_ISE_14.7_Win10_14.7_VM_0213_1\bin\..\payload exists.
2022-12-29 20:50:20,417 DEBUG: com.xilinx.installer.gui.j:? - Class to load: com.xilinx.installer.gui.panel.WelcomePanel, refKey: WelcomePanel_Install
2022-12-29 20:50:20,435 DEBUG: com.xilinx.installer.gui.j:? - Class to load: com.xilinx.installer.gui.panel.eula.EULAsPanel, refKey: EULAPanel_Install
2022-12-29 20:50:20,468 DEBUG: com.xilinx.installer.gui.j:? - Class to load: com.xilinx.installer.gui.panel.packages.simple.ModulesPanel, refKey: ModulesPanel_Install
2022-12-29 20:50:20,494 DEBUG: p.f:? - Module: ISE 14.7 Virtual Machine dest: C:\Xilinx\14.7_VM Archive numbers in module: 1 Total archive numbers: 1
2022-12-29 20:50:20,495 DEBUG: p.f:? - Module: ISE Design Suite in a Virtual Machine dest: C:\Xilinx\14.7_VM Archive numbers in module: 1 Total archive numbers: 2
2022-12-29 20:50:20,498 DEBUG: com.xilinx.installer.gui.j:? - Class to load: com.xilinx.installer.gui.panel.destination.DestinationPanel, refKey: DestinationPanel_Install
2022-12-29 20:50:20,513 DEBUG: com.xilinx.installer.gui.j:? - Class to load: com.xilinx.installer.gui.panel.summary.SummaryPanel, refKey: SummaryPanel_Install
2022-12-29 20:50:20,515 DEBUG: com.xilinx.installer.gui.j:? - Class to load: com.xilinx.installer.gui.panel.progress.ModernProgressPanel, refKey: ProgressPanel_Install
2022-12-29 20:50:27,193 DEBUG: com.xilinx.installer.api.e:? - Validate that virtualization is enabled in BIOS - C:\Users\harsh\Downloads\Xilinx_ISE_14.7_Win10_14.7_VM_0213_1\bin\\..\bin\validate_virtualization_enabled.bat
2022-12-29 20:50:28,685 DEBUG: com.xilinx.installer.api.e:? - Virtualization is enabled
2022-12-29 20:50:28,686 DEBUG: com.xilinx.installer.gui.panel.WelcomePanel:? - 
2022-12-29 20:50:28,686 DEBUG: n.o:? - O: The system cannot find the file specified.

2022-12-29 20:50:34,523 DEBUG: p.f:? - Module: ISE 14.7 Virtual Machine dest: C:\Xilinx\14.7_VM Archive numbers in module: 1 Total archive numbers: 1
2022-12-29 20:50:34,523 DEBUG: p.f:? - Module: ISE Design Suite in a Virtual Machine dest: C:\Xilinx\14.7_VM Archive numbers in module: 1 Total archive numbers: 2
2022-12-29 20:50:37,197 DEBUG: p.f:? - Module: ISE 14.7 Virtual Machine dest: C:\Xilinx\14.7_VM Archive numbers in module: 1 Total archive numbers: 1
2022-12-29 20:50:37,198 DEBUG: p.f:? - Module: ISE Design Suite in a Virtual Machine dest: C:\Xilinx\14.7_VM Archive numbers in module: 1 Total archive numbers: 2
2022-12-29 20:50:37,201 DEBUG: p.f:? - Module: ISE 14.7 Virtual Machine dest: C:\Xilinx\14.7_VM Archive numbers in module: 1 Total archive numbers: 1
2022-12-29 20:50:37,202 DEBUG: p.f:? - Module: ISE Design Suite in a Virtual Machine dest: C:\Xilinx\14.7_VM Archive numbers in module: 1 Total archive numbers: 2
2022-12-29 20:50:37,203 DEBUG: com.xilinx.installer.api.e:? - ISE_Images_Installer, archive: installer_0003_14.7_VM_0213_1 max dest path length: 58
2022-12-29 20:50:37,204 DEBUG: p.f:? - Max dest path (including dest dir: 68
2022-12-29 20:50:37,206 DEBUG: p.f:? - Module: ISE 14.7 Virtual Machine dest: C:\Xilinx\14.7_VM Archive numbers in module: 1 Total archive numbers: 1
2022-12-29 20:50:37,206 DEBUG: p.f:? - Module: ISE Design Suite in a Virtual Machine dest: C:\Xilinx\14.7_VM Archive numbers in module: 1 Total archive numbers: 2
2022-12-29 20:50:37,207 DEBUG: com.xilinx.installer.api.e:? - ISE_Images_Installer, archive: installer_0003_14.7_VM_0213_1 max dest path length: 58
2022-12-29 20:50:37,207 DEBUG: p.f:? - Max dest path (including dest dir: 68
2022-12-29 20:51:01,564 DEBUG: p.f:? - Module: ISE 14.7 Virtual Machine dest: C:\Xilinx\14.7_VM Archive numbers in module: 1 Total archive numbers: 1
2022-12-29 20:51:01,565 DEBUG: p.f:? - Module: ISE Design Suite in a Virtual Machine dest: C:\Xilinx\14.7_VM Archive numbers in module: 1 Total archive numbers: 2
2022-12-29 20:51:01,567 DEBUG: p.f:? - Module: ISE 14.7 Virtual Machine dest: C:\Xilinx\14.7_VM Archive numbers in module: 1 Total archive numbers: 1
2022-12-29 20:51:01,567 DEBUG: p.f:? - Module: ISE Design Suite in a Virtual Machine dest: C:\Xilinx\14.7_VM Archive numbers in module: 1 Total archive numbers: 2
2022-12-29 20:51:01,568 DEBUG: com.xilinx.installer.api.e:? - ISE_Images_Installer, archive: installer_0003_14.7_VM_0213_1 max dest path length: 58
2022-12-29 20:51:01,569 DEBUG: p.f:? - Max dest path (including dest dir: 83
2022-12-29 20:51:22,442 DEBUG: p.f:? - Module: ISE 14.7 Virtual Machine dest: C:\Users\harsh\Downloads\14.7_VM Archive numbers in module: 1 Total archive numbers: 1
2022-12-29 20:51:22,443 DEBUG: p.f:? - Module: ISE Design Suite in a Virtual Machine dest: C:\Users\harsh\Downloads\14.7_VM Archive numbers in module: 1 Total archive numbers: 2
2022-12-29 20:51:22,443 DEBUG: p.f:? - Module: ISE 14.7 Virtual Machine dest: C:\Users\harsh\Downloads\14.7_VM Archive numbers in module: 1 Total archive numbers: 1
2022-12-29 20:51:22,443 DEBUG: p.f:? - Module: ISE Design Suite in a Virtual Machine dest: C:\Users\harsh\Downloads\14.7_VM Archive numbers in module: 1 Total archive numbers: 2
2022-12-29 20:51:26,165 INFO : p.f:? - Installing Edition: ISE 14.7
2022-12-29 20:51:26,166 INFO : p.f:? - Installation directory is C:\Users\harsh\Downloads
2022-12-29 20:51:26,166 DEBUG: p.f:? - The default xinstall directory will be set to C:\Users\harsh\Downloads\.xinstall\ISE_VM_14.7
2022-12-29 20:51:26,226 DEBUG: p.f:? - Module: ISE 14.7 Virtual Machine dest: C:\Users\harsh\Downloads\14.7_VM Archive numbers in module: 1 Total archive numbers: 1
2022-12-29 20:51:26,226 DEBUG: p.f:? - Module: ISE Design Suite in a Virtual Machine dest: C:\Users\harsh\Downloads\14.7_VM Archive numbers in module: 1 Total archive numbers: 2
2022-12-29 20:51:26,227 DEBUG: p.f:? - Number of archives to extract: 4
2022-12-29 20:51:26,229 DEBUG: a.i:? - Using 4 cores to extract archives.
2022-12-29 20:51:26,234 DEBUG: a.i:? - Start to extract archives without symlink files. Totally 4 archives.
2022-12-29 20:51:26,238 DEBUG: a.j:? - Start extraction for file: C:\Users\harsh\Downloads\Xilinx_ISE_14.7_Win10_14.7_VM_0213_1\bin\..\payload\ip_0001_14.7_VM_0213_1.xz, to: C:\Users\harsh\Downloads\14.7_VM
2022-12-29 20:51:26,238 DEBUG: a.j:? - Start extraction for file: C:\Users\harsh\Downloads\Xilinx_ISE_14.7_Win10_14.7_VM_0213_1\bin\..\payload\ip_0002_14.7_VM_0213_1.xz, to: C:\Users\harsh\Downloads\14.7_VM
2022-12-29 20:51:26,238 DEBUG: a.j:? - Start extraction for file: C:\Users\harsh\Downloads\Xilinx_ISE_14.7_Win10_14.7_VM_0213_1\bin\..\payload\installer_0003_14.7_VM_0213_1.xz, to: C:\Users\harsh\Downloads\.xinstall\ISE_VM_14.7
2022-12-29 20:51:26,238 DEBUG: a.j:? - Start extraction for file: C:\Users\harsh\Downloads\Xilinx_ISE_14.7_Win10_14.7_VM_0213_1\bin\..\payload\installer_0004_14.7_VM_0213_1.xz, to: C:\Users\harsh\Downloads\.xinstall\ISE_VM_14.7
2022-12-29 20:51:26,503 DEBUG: a.j:? - Extracted file: C:\Users\harsh\Downloads\Xilinx_ISE_14.7_Win10_14.7_VM_0213_1\bin\..\payload\ip_0002_14.7_VM_0213_1.xz, to: C:\Users\harsh\Downloads\14.7_VM, in 265 mili-sec
Memory usage -- Used memory: 6296 MB. Total memory: 7991 MB
Recent cpu usage for system: 21%
2022-12-29 20:51:26,504 DEBUG: a.k:? - number of files to extract:328 number of files extracted: 15
2022-12-29 20:51:26,607 DEBUG: a.j:? - Extracted file: C:\Users\harsh\Downloads\Xilinx_ISE_14.7_Win10_14.7_VM_0213_1\bin\..\payload\ip_0001_14.7_VM_0213_1.xz, to: C:\Users\harsh\Downloads\14.7_VM, in 369 mili-sec
Memory usage -- Used memory: 6315 MB. Total memory: 7991 MB
Recent cpu usage for system: 21%
2022-12-29 20:51:26,607 DEBUG: a.k:? - number of files to extract:328 number of files extracted: 19
2022-12-29 20:51:26,803 DEBUG: a.j:? - Extracted file: C:\Users\harsh\Downloads\Xilinx_ISE_14.7_Win10_14.7_VM_0213_1\bin\..\payload\installer_0004_14.7_VM_0213_1.xz, to: C:\Users\harsh\Downloads\.xinstall\ISE_VM_14.7, in 564 mili-sec
Memory usage -- Used memory: 6316 MB. Total memory: 7991 MB
Recent cpu usage for system: 21%
2022-12-29 20:51:26,804 DEBUG: a.k:? - number of files to extract:328 number of files extracted: 82
2022-12-29 20:51:30,344 DEBUG: a.j:? - Extracted file: C:\Users\harsh\Downloads\Xilinx_ISE_14.7_Win10_14.7_VM_0213_1\bin\..\payload\installer_0003_14.7_VM_0213_1.xz, to: C:\Users\harsh\Downloads\.xinstall\ISE_VM_14.7, in 4106 mili-sec
Memory usage -- Used memory: 6461 MB. Total memory: 7991 MB
Recent cpu usage for system: 34%
2022-12-29 20:51:30,344 DEBUG: a.k:? - number of files to extract:328 number of files extracted: 328
2022-12-29 20:51:30,344 DEBUG: a.i:? - Start to extract archives with symlink files. Totally 0 archives.
2022-12-29 20:51:30,344 DEBUG: a.i:? - Extracted all archives in 4 seconds
2022-12-29 20:51:30,344 DEBUG: a.i:? - Extracted all archives in 0:0:0:4
2022-12-29 20:51:30,344 DEBUG: a.i:? - During extraction, the average memory usage for system is: 6347 MB. The average cpu usage for system is: 24%
2022-12-29 20:51:31,638 DEBUG: p.f:? - No xic config file found under C:\Users\harsh\Downloads\Xilinx_ISE_14.7_Win10_14.7_VM_0213_1\bin\..\data\xic.cfg
2022-12-29 20:51:31,638 DEBUG: p.p:? - Creating install level shortcuts.
2022-12-29 20:51:31,639 DEBUG: p.p:? - Creating shortcuts for Module<?>  ISE 14.7 Virtual Machine
2022-12-29 20:51:31,639 DEBUG: n.o:? - O: The system cannot find the file specified.

2022-12-29 20:51:31,639 DEBUG: n.o:? - O: The system cannot find the file specified.

2022-12-29 20:51:31,639 DEBUG: n.o:? - O: The system cannot find the file specified.

2022-12-29 20:51:31,639 DEBUG: n.o:? - O: The system cannot find the file specified.

2022-12-29 20:51:31,640 DEBUG: n.o:? - O: The system cannot find the file specified.

2022-12-29 20:51:31,640 DEBUG: n.o:? - O: The system cannot find the file specified.

2022-12-29 20:51:31,640 DEBUG: n.o:? - O: The system cannot find the file specified.

2022-12-29 20:51:31,640 DEBUG: n.o:? - O: The system cannot find the file specified.

2022-12-29 20:51:31,640 DEBUG: p.p:? - Creating shortcut: C:\Users\harsh\Downloads\14.7_VM\bin\app_launcher.bat args: "C:\Users\harsh\Downloads\14.7_VM" impact icon file: C:\Users\harsh\Downloads\14.7_VM\data\images\impact.ico startIn: %APPDATA%\Xilinx
2022-12-29 20:51:31,640 DEBUG: p.p:? - Creating desktop shortcut: C:\Users\harsh\Downloads\14.7_VM\bin\app_launcher.bat
2022-12-29 20:51:31,641 DEBUG: n.o:? - r:/scratch/builds/14.7_VM/continuous/2020_02_13_2779366/src/products/installer/cxx-src/common/WinShortcutHelper.cxx: - CreateDesktopShortcut: targetFile: C:\Users\harsh\Downloads\14.7_VM\bin\app_launcher.bat,
	launchDir: %APPDATA%\Xilinx,
	args: "C:\Users\harsh\Downloads\14.7_VM" impact,
	iconFile: C:\Users\harsh\Downloads\14.7_VM\data\images\impact.ico,
	linkName: iMPACT.lnk,
	description: iMPACT,
	minimized: true,
	isForce: true
	currentuser
2022-12-29 20:51:31,648 DEBUG: n.o:? - r:/scratch/builds/14.7_VM/continuous/2020_02_13_2779366/src/products/installer/cxx-src/common/WinShortcutHelper.cxx: - Created shortcut
	execPath: C:\Users\harsh\Downloads\14.7_VM\bin\app_launcher.bat
	linkName: iMPACT.lnk
	description: iMPACT
	iconFile: C:\Users\harsh\Downloads\14.7_VM\data\images\impact.ico
	launchDir: %APPDATA%\Xilinx
	args: "C:\Users\harsh\Downloads\14.7_VM" impact
	minimized: true
2022-12-29 20:51:31,649 DEBUG: m.c:? - Desktop shortcut creation status: OK_E, msg: Created shortcut
	execPath: C:\Users\harsh\Downloads\14.7_VM\bin\app_launcher.bat
	linkName: iMPACT.lnk
	description: iMPACT
	iconFile: C:\Users\harsh\Downloads\14.7_VM\data\images\impact.ico
	launchDir: %APPDATA%\Xilinx
	args: "C:\Users\harsh\Downloads\14.7_VM" impact
	minimized: true
2022-12-29 20:51:31,649 DEBUG: n.o:? - O: The system cannot find the file specified.

2022-12-29 20:51:31,649 DEBUG: n.o:? - O: The system cannot find the file specified.

2022-12-29 20:51:31,650 DEBUG: n.o:? - O: The system cannot find the file specified.

2022-12-29 20:51:31,650 DEBUG: n.o:? - O: The system cannot find the file specified.

2022-12-29 20:51:31,650 DEBUG: n.o:? - O: The system cannot find the file specified.

2022-12-29 20:51:31,650 DEBUG: n.o:? - O: The system cannot find the file specified.

2022-12-29 20:51:31,650 DEBUG: n.o:? - O: The system cannot find the file specified.

2022-12-29 20:51:31,650 DEBUG: n.o:? - O: The system cannot find the file specified.

2022-12-29 20:51:31,650 DEBUG: p.p:? - Creating shortcut: C:\Users\harsh\Downloads\14.7_VM\bin\app_launcher.bat args: "C:\Users\harsh\Downloads\14.7_VM" analyzer icon file: C:\Users\harsh\Downloads\14.7_VM\data\images\analyzer.ico startIn: %APPDATA%\Xilinx
2022-12-29 20:51:31,650 DEBUG: p.p:? - Creating desktop shortcut: C:\Users\harsh\Downloads\14.7_VM\bin\app_launcher.bat
2022-12-29 20:51:31,650 DEBUG: n.o:? - r:/scratch/builds/14.7_VM/continuous/2020_02_13_2779366/src/products/installer/cxx-src/common/WinShortcutHelper.cxx: - CreateDesktopShortcut: targetFile: C:\Users\harsh\Downloads\14.7_VM\bin\app_launcher.bat,
	launchDir: %APPDATA%\Xilinx,
	args: "C:\Users\harsh\Downloads\14.7_VM" analyzer,
	iconFile: C:\Users\harsh\Downloads\14.7_VM\data\images\analyzer.ico,
	linkName: Analyzer.lnk,
	description: Analyzer,
	minimized: true,
	isForce: true
	currentuser
2022-12-29 20:51:31,655 DEBUG: n.o:? - r:/scratch/builds/14.7_VM/continuous/2020_02_13_2779366/src/products/installer/cxx-src/common/WinShortcutHelper.cxx: - Created shortcut
	execPath: C:\Users\harsh\Downloads\14.7_VM\bin\app_launcher.bat
	linkName: Analyzer.lnk
	description: Analyzer
	iconFile: C:\Users\harsh\Downloads\14.7_VM\data\images\analyzer.ico
	launchDir: %APPDATA%\Xilinx
	args: "C:\Users\harsh\Downloads\14.7_VM" analyzer
	minimized: true
2022-12-29 20:51:31,655 DEBUG: m.c:? - Desktop shortcut creation status: OK_E, msg: Created shortcut
	execPath: C:\Users\harsh\Downloads\14.7_VM\bin\app_launcher.bat
	linkName: Analyzer.lnk
	description: Analyzer
	iconFile: C:\Users\harsh\Downloads\14.7_VM\data\images\analyzer.ico
	launchDir: %APPDATA%\Xilinx
	args: "C:\Users\harsh\Downloads\14.7_VM" analyzer
	minimized: true
2022-12-29 20:51:31,656 DEBUG: n.o:? - O: The system cannot find the file specified.

2022-12-29 20:51:31,656 DEBUG: n.o:? - O: The system cannot find the file specified.

2022-12-29 20:51:31,656 DEBUG: n.o:? - O: The system cannot find the file specified.

2022-12-29 20:51:31,656 DEBUG: n.o:? - O: The system cannot find the file specified.

2022-12-29 20:51:31,656 DEBUG: n.o:? - O: The system cannot find the file specified.

2022-12-29 20:51:31,656 DEBUG: n.o:? - O: The system cannot find the file specified.

2022-12-29 20:51:31,656 DEBUG: n.o:? - O: The system cannot find the file specified.

2022-12-29 20:51:31,656 DEBUG: n.o:? - O: The system cannot find the file specified.

2022-12-29 20:51:31,656 DEBUG: p.p:? - Creating shortcut: C:\Users\harsh\Downloads\14.7_VM\bin\app_launcher.bat args: "C:\Users\harsh\Downloads\14.7_VM" ise icon file: C:\Users\harsh\Downloads\14.7_VM\data\images\projnav.ico startIn: %APPDATA%\Xilinx
2022-12-29 20:51:31,657 DEBUG: p.p:? - Creating desktop shortcut: C:\Users\harsh\Downloads\14.7_VM\bin\app_launcher.bat
2022-12-29 20:51:31,657 DEBUG: n.o:? - r:/scratch/builds/14.7_VM/continuous/2020_02_13_2779366/src/products/installer/cxx-src/common/WinShortcutHelper.cxx: - CreateDesktopShortcut: targetFile: C:\Users\harsh\Downloads\14.7_VM\bin\app_launcher.bat,
	launchDir: %APPDATA%\Xilinx,
	args: "C:\Users\harsh\Downloads\14.7_VM" ise,
	iconFile: C:\Users\harsh\Downloads\14.7_VM\data\images\projnav.ico,
	linkName: Project Navigator.lnk,
	description: Project Navigator,
	minimized: true,
	isForce: true
	currentuser
2022-12-29 20:51:31,662 DEBUG: n.o:? - r:/scratch/builds/14.7_VM/continuous/2020_02_13_2779366/src/products/installer/cxx-src/common/WinShortcutHelper.cxx: - Created shortcut
	execPath: C:\Users\harsh\Downloads\14.7_VM\bin\app_launcher.bat
	linkName: Project Navigator.lnk
	description: Project Navigator
	iconFile: C:\Users\harsh\Downloads\14.7_VM\data\images\projnav.ico
	launchDir: %APPDATA%\Xilinx
	args: "C:\Users\harsh\Downloads\14.7_VM" ise
	minimized: true
2022-12-29 20:51:31,663 DEBUG: m.c:? - Desktop shortcut creation status: OK_E, msg: Created shortcut
	execPath: C:\Users\harsh\Downloads\14.7_VM\bin\app_launcher.bat
	linkName: Project Navigator.lnk
	description: Project Navigator
	iconFile: C:\Users\harsh\Downloads\14.7_VM\data\images\projnav.ico
	launchDir: %APPDATA%\Xilinx
	args: "C:\Users\harsh\Downloads\14.7_VM" ise
	minimized: true
2022-12-29 20:51:31,663 DEBUG: n.o:? - O: The system cannot find the file specified.

2022-12-29 20:51:31,663 DEBUG: n.o:? - O: The system cannot find the file specified.

2022-12-29 20:51:31,663 DEBUG: n.o:? - O: The system cannot find the file specified.

2022-12-29 20:51:31,663 DEBUG: n.o:? - O: The system cannot find the file specified.

2022-12-29 20:51:31,663 DEBUG: n.o:? - O: The system cannot find the file specified.

2022-12-29 20:51:31,663 DEBUG: n.o:? - O: The system cannot find the file specified.

2022-12-29 20:51:31,663 DEBUG: n.o:? - O: The system cannot find the file specified.

2022-12-29 20:51:31,663 DEBUG: n.o:? - O: The system cannot find the file specified.

2022-12-29 20:51:31,663 DEBUG: p.p:? - Creating shortcut: C:\Users\harsh\Downloads\14.7_VM\bin\app_launcher.bat args: "C:\Users\harsh\Downloads\14.7_VM" xsdk icon file: C:\Users\harsh\Downloads\14.7_VM\data\images\sdk.ico startIn: %APPDATA%\Xilinx
2022-12-29 20:51:31,664 DEBUG: p.p:? - Creating program group shortcut: C:\Users\harsh\Downloads\14.7_VM\bin\app_launcher.bat
2022-12-29 20:51:31,664 DEBUG: n.o:? - r:/scratch/builds/14.7_VM/continuous/2020_02_13_2779366/src/products/installer/cxx-src/common/WinShortcutHelper.cxx: - CreateProgramGroupShortcut:  folderName: Xilinx Design Tools\.\EDK, targetFile: C:\Users\harsh\Downloads\14.7_VM\bin\app_launcher.bat,
	launchDir: %APPDATA%\Xilinx,
	args: "C:\Users\harsh\Downloads\14.7_VM" xsdk,
	iconFile: C:\Users\harsh\Downloads\14.7_VM\data\images\sdk.ico,
	linkName: Xilinx Software Development Kit.lnk,
	description: Xilinx Software Development Kit,
	minimized: true,
	isForce: true
	currentuser
2022-12-29 20:51:31,669 DEBUG: n.o:? - r:/scratch/builds/14.7_VM/continuous/2020_02_13_2779366/src/products/installer/cxx-src/common/WinShortcutHelper.cxx: - Created shortcut
	execPath: C:\Users\harsh\Downloads\14.7_VM\bin\app_launcher.bat
	linkName: Xilinx Software Development Kit.lnk
	description: Xilinx Software Development Kit
	iconFile: C:\Users\harsh\Downloads\14.7_VM\data\images\sdk.ico
	launchDir: %APPDATA%\Xilinx
	args: "C:\Users\harsh\Downloads\14.7_VM" xsdk
	minimized: true
2022-12-29 20:51:31,669 DEBUG: m.c:? - Program group shortcut creation status: OK_E, msg: Created shortcut
	execPath: C:\Users\harsh\Downloads\14.7_VM\bin\app_launcher.bat
	linkName: Xilinx Software Development Kit.lnk
	description: Xilinx Software Development Kit
	iconFile: C:\Users\harsh\Downloads\14.7_VM\data\images\sdk.ico
	launchDir: %APPDATA%\Xilinx
	args: "C:\Users\harsh\Downloads\14.7_VM" xsdk
	minimized: true
2022-12-29 20:51:31,669 DEBUG: n.o:? - O: The system cannot find the file specified.

2022-12-29 20:51:31,669 DEBUG: n.o:? - O: The system cannot find the file specified.

2022-12-29 20:51:31,669 DEBUG: n.o:? - O: The system cannot find the file specified.

2022-12-29 20:51:31,669 DEBUG: n.o:? - O: The system cannot find the file specified.

2022-12-29 20:51:31,669 DEBUG: n.o:? - O: The system cannot find the file specified.

2022-12-29 20:51:31,669 DEBUG: n.o:? - O: The system cannot find the file specified.

2022-12-29 20:51:31,669 DEBUG: n.o:? - O: The system cannot find the file specified.

2022-12-29 20:51:31,670 DEBUG: n.o:? - O: The system cannot find the file specified.

2022-12-29 20:51:31,670 DEBUG: p.p:? - Creating shortcut: C:\Users\harsh\Downloads\14.7_VM\bin\app_launcher.bat args: "C:\Users\harsh\Downloads\14.7_VM" impact icon file: C:\Users\harsh\Downloads\14.7_VM\data\images\impact.ico startIn: %APPDATA%\Xilinx
2022-12-29 20:51:31,670 DEBUG: p.p:? - Creating program group shortcut: C:\Users\harsh\Downloads\14.7_VM\bin\app_launcher.bat
2022-12-29 20:51:31,670 DEBUG: n.o:? - r:/scratch/builds/14.7_VM/continuous/2020_02_13_2779366/src/products/installer/cxx-src/common/WinShortcutHelper.cxx: - CreateProgramGroupShortcut:  folderName: Xilinx Design Tools\.\ISE Design Tools, targetFile: C:\Users\harsh\Downloads\14.7_VM\bin\app_launcher.bat,
	launchDir: %APPDATA%\Xilinx,
	args: "C:\Users\harsh\Downloads\14.7_VM" impact,
	iconFile: C:\Users\harsh\Downloads\14.7_VM\data\images\impact.ico,
	linkName: iMPACT.lnk,
	description: iMPACT,
	minimized: true,
	isForce: true
	currentuser
2022-12-29 20:51:31,678 DEBUG: n.o:? - r:/scratch/builds/14.7_VM/continuous/2020_02_13_2779366/src/products/installer/cxx-src/common/WinShortcutHelper.cxx: - Created shortcut
	execPath: C:\Users\harsh\Downloads\14.7_VM\bin\app_launcher.bat
	linkName: iMPACT.lnk
	description: iMPACT
	iconFile: C:\Users\harsh\Downloads\14.7_VM\data\images\impact.ico
	launchDir: %APPDATA%\Xilinx
	args: "C:\Users\harsh\Downloads\14.7_VM" impact
	minimized: true
2022-12-29 20:51:31,678 DEBUG: m.c:? - Program group shortcut creation status: OK_E, msg: Created shortcut
	execPath: C:\Users\harsh\Downloads\14.7_VM\bin\app_launcher.bat
	linkName: iMPACT.lnk
	description: iMPACT
	iconFile: C:\Users\harsh\Downloads\14.7_VM\data\images\impact.ico
	launchDir: %APPDATA%\Xilinx
	args: "C:\Users\harsh\Downloads\14.7_VM" impact
	minimized: true
2022-12-29 20:51:31,678 DEBUG: n.o:? - O: The system cannot find the file specified.

2022-12-29 20:51:31,678 DEBUG: n.o:? - O: The system cannot find the file specified.

2022-12-29 20:51:31,678 DEBUG: n.o:? - O: The system cannot find the file specified.

2022-12-29 20:51:31,678 DEBUG: n.o:? - O: The system cannot find the file specified.

2022-12-29 20:51:31,678 DEBUG: n.o:? - O: The system cannot find the file specified.

2022-12-29 20:51:31,678 DEBUG: n.o:? - O: The system cannot find the file specified.

2022-12-29 20:51:31,678 DEBUG: n.o:? - O: The system cannot find the file specified.

2022-12-29 20:51:31,678 DEBUG: n.o:? - O: The system cannot find the file specified.

2022-12-29 20:51:31,678 DEBUG: p.p:? - Creating shortcut: C:\Users\harsh\Downloads\14.7_VM\bin\app_launcher.bat args: "C:\Users\harsh\Downloads\14.7_VM" analyzer icon file: C:\Users\harsh\Downloads\14.7_VM\data\images\analyzer.ico startIn: %APPDATA%\Xilinx
2022-12-29 20:51:31,679 DEBUG: p.p:? - Creating program group shortcut: C:\Users\harsh\Downloads\14.7_VM\bin\app_launcher.bat
2022-12-29 20:51:31,679 DEBUG: n.o:? - r:/scratch/builds/14.7_VM/continuous/2020_02_13_2779366/src/products/installer/cxx-src/common/WinShortcutHelper.cxx: - CreateProgramGroupShortcut:  folderName: Xilinx Design Tools\.\Chipscope Pro, targetFile: C:\Users\harsh\Downloads\14.7_VM\bin\app_launcher.bat,
	launchDir: %APPDATA%\Xilinx,
	args: "C:\Users\harsh\Downloads\14.7_VM" analyzer,
	iconFile: C:\Users\harsh\Downloads\14.7_VM\data\images\analyzer.ico,
	linkName: Analyzer.lnk,
	description: Analyzer,
	minimized: true,
	isForce: true
	currentuser
2022-12-29 20:51:31,685 DEBUG: n.o:? - r:/scratch/builds/14.7_VM/continuous/2020_02_13_2779366/src/products/installer/cxx-src/common/WinShortcutHelper.cxx: - Created shortcut
	execPath: C:\Users\harsh\Downloads\14.7_VM\bin\app_launcher.bat
	linkName: Analyzer.lnk
	description: Analyzer
	iconFile: C:\Users\harsh\Downloads\14.7_VM\data\images\analyzer.ico
	launchDir: %APPDATA%\Xilinx
	args: "C:\Users\harsh\Downloads\14.7_VM" analyzer
	minimized: true
2022-12-29 20:51:31,685 DEBUG: m.c:? - Program group shortcut creation status: OK_E, msg: Created shortcut
	execPath: C:\Users\harsh\Downloads\14.7_VM\bin\app_launcher.bat
	linkName: Analyzer.lnk
	description: Analyzer
	iconFile: C:\Users\harsh\Downloads\14.7_VM\data\images\analyzer.ico
	launchDir: %APPDATA%\Xilinx
	args: "C:\Users\harsh\Downloads\14.7_VM" analyzer
	minimized: true
2022-12-29 20:51:31,685 DEBUG: n.o:? - O: The system cannot find the file specified.

2022-12-29 20:51:31,686 DEBUG: n.o:? - O: The system cannot find the file specified.

2022-12-29 20:51:31,686 DEBUG: n.o:? - O: The system cannot find the file specified.

2022-12-29 20:51:31,686 DEBUG: n.o:? - O: The system cannot find the file specified.

2022-12-29 20:51:31,686 DEBUG: n.o:? - O: The system cannot find the file specified.

2022-12-29 20:51:31,686 DEBUG: n.o:? - O: The system cannot find the file specified.

2022-12-29 20:51:31,686 DEBUG: n.o:? - O: The system cannot find the file specified.

2022-12-29 20:51:31,686 DEBUG: n.o:? - O: The system cannot find the file specified.

2022-12-29 20:51:31,686 DEBUG: p.p:? - Creating shortcut: C:\Users\harsh\Downloads\14.7_VM\bin\app_launcher.bat args: "C:\Users\harsh\Downloads\14.7_VM" ise icon file: C:\Users\harsh\Downloads\14.7_VM\data\images\projnav.ico startIn: %APPDATA%\Xilinx
2022-12-29 20:51:31,686 DEBUG: p.p:? - Creating program group shortcut: C:\Users\harsh\Downloads\14.7_VM\bin\app_launcher.bat
2022-12-29 20:51:31,686 DEBUG: n.o:? - r:/scratch/builds/14.7_VM/continuous/2020_02_13_2779366/src/products/installer/cxx-src/common/WinShortcutHelper.cxx: - CreateProgramGroupShortcut:  folderName: Xilinx Design Tools\., targetFile: C:\Users\harsh\Downloads\14.7_VM\bin\app_launcher.bat,
	launchDir: %APPDATA%\Xilinx,
	args: "C:\Users\harsh\Downloads\14.7_VM" ise,
	iconFile: C:\Users\harsh\Downloads\14.7_VM\data\images\projnav.ico,
	linkName: Project Navigator.lnk,
	description: Project Navigator,
	minimized: true,
	isForce: true
	currentuser
2022-12-29 20:51:31,694 DEBUG: n.o:? - r:/scratch/builds/14.7_VM/continuous/2020_02_13_2779366/src/products/installer/cxx-src/common/WinShortcutHelper.cxx: - Created shortcut
	execPath: C:\Users\harsh\Downloads\14.7_VM\bin\app_launcher.bat
	linkName: Project Navigator.lnk
	description: Project Navigator
	iconFile: C:\Users\harsh\Downloads\14.7_VM\data\images\projnav.ico
	launchDir: %APPDATA%\Xilinx
	args: "C:\Users\harsh\Downloads\14.7_VM" ise
	minimized: true
2022-12-29 20:51:31,694 DEBUG: m.c:? - Program group shortcut creation status: OK_E, msg: Created shortcut
	execPath: C:\Users\harsh\Downloads\14.7_VM\bin\app_launcher.bat
	linkName: Project Navigator.lnk
	description: Project Navigator
	iconFile: C:\Users\harsh\Downloads\14.7_VM\data\images\projnav.ico
	launchDir: %APPDATA%\Xilinx
	args: "C:\Users\harsh\Downloads\14.7_VM" ise
	minimized: true
2022-12-29 20:51:31,694 DEBUG: n.o:? - O: The system cannot find the file specified.

2022-12-29 20:51:31,694 DEBUG: n.o:? - O: The system cannot find the file specified.

2022-12-29 20:51:31,694 DEBUG: n.o:? - O: The system cannot find the file specified.

2022-12-29 20:51:31,694 DEBUG: n.o:? - O: The system cannot find the file specified.

2022-12-29 20:51:31,694 DEBUG: n.o:? - O: The system cannot find the file specified.

2022-12-29 20:51:31,694 DEBUG: n.o:? - O: The system cannot find the file specified.

2022-12-29 20:51:31,694 DEBUG: n.o:? - O: The system cannot find the file specified.

2022-12-29 20:51:31,694 DEBUG: n.o:? - O: The system cannot find the file specified.

2022-12-29 20:51:31,694 DEBUG: p.p:? - Creating shortcut: C:\Users\harsh\Downloads\14.7_VM\bin\app_launcher.bat args: "C:\Users\harsh\Downloads\14.7_VM" xps icon file: C:\Users\harsh\Downloads\14.7_VM\data\images\xps.ico startIn: %APPDATA%\Xilinx
2022-12-29 20:51:31,694 DEBUG: p.p:? - Creating program group shortcut: C:\Users\harsh\Downloads\14.7_VM\bin\app_launcher.bat
2022-12-29 20:51:31,694 DEBUG: n.o:? - r:/scratch/builds/14.7_VM/continuous/2020_02_13_2779366/src/products/installer/cxx-src/common/WinShortcutHelper.cxx: - CreateProgramGroupShortcut:  folderName: Xilinx Design Tools\.\EDK, targetFile: C:\Users\harsh\Downloads\14.7_VM\bin\app_launcher.bat,
	launchDir: %APPDATA%\Xilinx,
	args: "C:\Users\harsh\Downloads\14.7_VM" xps,
	iconFile: C:\Users\harsh\Downloads\14.7_VM\data\images\xps.ico,
	linkName: Xilinx Platform Studio.lnk,
	description: Xilinx Platform Studio,
	minimized: true,
	isForce: true
	currentuser
2022-12-29 20:51:31,699 DEBUG: n.o:? - r:/scratch/builds/14.7_VM/continuous/2020_02_13_2779366/src/products/installer/cxx-src/common/WinShortcutHelper.cxx: - Created shortcut
	execPath: C:\Users\harsh\Downloads\14.7_VM\bin\app_launcher.bat
	linkName: Xilinx Platform Studio.lnk
	description: Xilinx Platform Studio
	iconFile: C:\Users\harsh\Downloads\14.7_VM\data\images\xps.ico
	launchDir: %APPDATA%\Xilinx
	args: "C:\Users\harsh\Downloads\14.7_VM" xps
	minimized: true
2022-12-29 20:51:31,699 DEBUG: m.c:? - Program group shortcut creation status: OK_E, msg: Created shortcut
	execPath: C:\Users\harsh\Downloads\14.7_VM\bin\app_launcher.bat
	linkName: Xilinx Platform Studio.lnk
	description: Xilinx Platform Studio
	iconFile: C:\Users\harsh\Downloads\14.7_VM\data\images\xps.ico
	launchDir: %APPDATA%\Xilinx
	args: "C:\Users\harsh\Downloads\14.7_VM" xps
	minimized: true
2022-12-29 20:51:31,699 DEBUG: p.p:? - Creating shortcuts for Module<?>  ISE Design Suite in a Virtual Machine
2022-12-29 20:51:31,699 INFO : p.f:? - Creating registry entries
2022-12-29 20:51:31,700 DEBUG: n.o:? - O: The system cannot find the file specified.

2022-12-29 20:51:31,700 DEBUG: n.o:? - O: The system cannot find the file specified.

2022-12-29 20:51:32,036 DEBUG: n.o:? - O: The system cannot find the file specified.

2022-12-29 20:51:32,036 DEBUG: n.o:? - O: The system cannot find the file specified.

2022-12-29 20:51:32,250 DEBUG: p.p:? - Got, Illegal char <"> at index 0: "C:\Users\harsh\Downloads\14.7_VM\vboxmanage", ignoring
java.nio.file.InvalidPathException: Illegal char <"> at index 0: "C:\Users\harsh\Downloads\14.7_VM\vboxmanage"
	at sun.nio.fs.WindowsPathParser.normalize(WindowsPathParser.java:182)
	at sun.nio.fs.WindowsPathParser.parse(WindowsPathParser.java:153)
	at sun.nio.fs.WindowsPathParser.parse(WindowsPathParser.java:77)
	at sun.nio.fs.WindowsPath.parse(WindowsPath.java:94)
	at sun.nio.fs.WindowsFileSystem.getPath(WindowsFileSystem.java:255)
	at java.io.File.toPath(File.java:2234)
	at p.p.a(Unknown Source)
	at p.p.a(Unknown Source)
	at p.f.a(Unknown Source)
	at p.f.c(Unknown Source)
	at p.g.run(Unknown Source)
2022-12-29 20:51:32,251 DEBUG: n.o:? - O: The system cannot find the file specified.

2022-12-29 20:51:32,251 DEBUG: n.o:? - O: The system cannot find the file specified.

2022-12-29 20:51:32,577 DEBUG: n.o:? - O: The system cannot find the file specified.

2022-12-29 20:51:32,577 DEBUG: n.o:? - O: The system cannot find the file specified.

2022-12-29 20:51:32,931 DEBUG: n.o:? - O: The system cannot find the file specified.

2022-12-29 20:51:32,931 DEBUG: n.o:? - O: The system cannot find the file specified.

2022-12-29 20:51:33,230 DEBUG: n.o:? - O: The system cannot find the file specified.

2022-12-29 20:51:33,230 DEBUG: n.o:? - O: The system cannot find the file specified.

2022-12-29 20:51:33,481 DEBUG: n.o:? - O: The system cannot find the file specified.

2022-12-29 20:51:33,482 DEBUG: n.o:? - O: The system cannot find the file specified.

2022-12-29 20:51:33,712 DEBUG: n.o:? - O: The system cannot find the file specified.

2022-12-29 20:51:33,713 DEBUG: n.o:? - O: The system cannot find the file specified.

2022-12-29 20:51:33,945 DEBUG: n.o:? - O: The system cannot find the file specified.

2022-12-29 20:51:33,945 DEBUG: n.o:? - O: The system cannot find the file specified.

2022-12-29 20:51:34,328 DEBUG: n.o:? - O: The system cannot find the file specified.

2022-12-29 20:51:34,329 DEBUG: n.o:? - O: The system cannot find the file specified.

2022-12-29 20:51:34,626 DEBUG: n.o:? - O: The system cannot find the file specified.

2022-12-29 20:51:34,627 DEBUG: n.o:? - O: The system cannot find the file specified.

2022-12-29 20:51:35,033 DEBUG: n.o:? - O: The system cannot find the file specified.

2022-12-29 20:51:35,033 DEBUG: n.o:? - O: The system cannot find the file specified.

2022-12-29 20:51:35,324 DEBUG: n.o:? - O: The system cannot find the file specified.

2022-12-29 20:51:35,324 DEBUG: n.o:? - O: The system cannot find the file specified.

2022-12-29 20:51:35,589 DEBUG: n.o:? - O: The system cannot find the file specified.

2022-12-29 20:51:35,589 DEBUG: n.o:? - O: The system cannot find the file specified.

2022-12-29 20:51:35,824 DEBUG: p.p:? - Executing script Import ISE Virtual Appliance: "C:\Users\harsh\Downloads\14.7_VM\vboxmanage" [import, "C:\Users\harsh\Downloads\Xilinx_ISE_14.7_Win10_14.7_VM_0213_1\bin\\..\ova\14.7_VM.ova", --options, keepallmacs, --vsys, 0, --vmname, ISE_14.7_VIRTUAL_MACHINE, --unit, 14, --disk, C:\Users\harsh\Downloads\14.7_VM\vm\14.7_VM.vmdk]
2022-12-29 20:51:47,179 DEBUG: n.o:? - O: The system cannot find the file specified.

2022-12-29 20:51:47,179 DEBUG: n.o:? - O: The system cannot find the file specified.

2022-12-29 20:51:47,438 DEBUG: n.o:? - O: The system cannot find the file specified.

2022-12-29 20:51:47,438 DEBUG: n.o:? - O: The system cannot find the file specified.

2022-12-29 20:51:47,629 DEBUG: p.p:? - Got, Illegal char <"> at index 0: "C:\Users\harsh\Downloads\14.7_VM\vboxmanage", ignoring
java.nio.file.InvalidPathException: Illegal char <"> at index 0: "C:\Users\harsh\Downloads\14.7_VM\vboxmanage"
	at sun.nio.fs.WindowsPathParser.normalize(WindowsPathParser.java:182)
	at sun.nio.fs.WindowsPathParser.parse(WindowsPathParser.java:153)
	at sun.nio.fs.WindowsPathParser.parse(WindowsPathParser.java:77)
	at sun.nio.fs.WindowsPath.parse(WindowsPath.java:94)
	at sun.nio.fs.WindowsFileSystem.getPath(WindowsFileSystem.java:255)
	at java.io.File.toPath(File.java:2234)
	at p.p.a(Unknown Source)
	at p.p.a(Unknown Source)
	at p.f.a(Unknown Source)
	at p.f.c(Unknown Source)
	at p.g.run(Unknown Source)
2022-12-29 20:51:47,630 DEBUG: n.o:? - O: The system cannot find the file specified.

2022-12-29 20:51:47,630 DEBUG: n.o:? - O: The system cannot find the file specified.

2022-12-29 20:51:47,857 DEBUG: n.o:? - O: The system cannot find the file specified.

2022-12-29 20:51:47,857 DEBUG: n.o:? - O: The system cannot find the file specified.

2022-12-29 20:51:48,090 DEBUG: n.o:? - O: The system cannot find the file specified.

2022-12-29 20:51:48,091 DEBUG: n.o:? - O: The system cannot find the file specified.

2022-12-29 20:51:48,337 DEBUG: n.o:? - O: The system cannot find the file specified.

2022-12-29 20:51:48,337 DEBUG: n.o:? - O: The system cannot find the file specified.

2022-12-29 20:51:48,583 DEBUG: n.o:? - O: The system cannot find the file specified.

2022-12-29 20:51:48,584 DEBUG: n.o:? - O: The system cannot find the file specified.

2022-12-29 20:51:48,810 DEBUG: n.o:? - O: The system cannot find the file specified.

2022-12-29 20:51:48,811 DEBUG: n.o:? - O: The system cannot find the file specified.

2022-12-29 20:51:49,043 DEBUG: n.o:? - O: The system cannot find the file specified.

2022-12-29 20:51:49,043 DEBUG: n.o:? - O: The system cannot find the file specified.

2022-12-29 20:51:49,313 DEBUG: n.o:? - O: The system cannot find the file specified.

2022-12-29 20:51:49,313 DEBUG: n.o:? - O: The system cannot find the file specified.

2022-12-29 20:51:49,573 DEBUG: n.o:? - O: The system cannot find the file specified.

2022-12-29 20:51:49,573 DEBUG: n.o:? - O: The system cannot find the file specified.

2022-12-29 20:51:49,837 DEBUG: n.o:? - O: The system cannot find the file specified.

2022-12-29 20:51:49,837 DEBUG: n.o:? - O: The system cannot find the file specified.

2022-12-29 20:51:50,122 DEBUG: n.o:? - O: The system cannot find the file specified.

2022-12-29 20:51:50,122 DEBUG: n.o:? - O: The system cannot find the file specified.

2022-12-29 20:51:50,396 DEBUG: n.o:? - O: The system cannot find the file specified.

2022-12-29 20:51:50,396 DEBUG: n.o:? - O: The system cannot find the file specified.

2022-12-29 20:51:50,639 DEBUG: p.p:? - Executing script Import ISE Virtual Appliance: "C:\Users\harsh\Downloads\14.7_VM\vboxmanage" [import, "C:\Users\harsh\Downloads\Xilinx_ISE_14.7_Win10_14.7_VM_0213_1\bin\\..\ova\14.7_VM.ova", --options, keepallmacs, --vsys, 0, --vmname, ISE_14.7_VIRTUAL_MACHINE, --unit, 14, --disk, C:\Users\harsh\Downloads\14.7_VM\vm\14.7_VM.vmdk]
2022-12-29 20:51:50,666 DEBUG: p.p:? - Unable to run Import_ISE_VirtualAppliance_WIN64_script, exit code: 1, stdout: , stderr: '"C:\Users\harsh\Downloads\14.7_VM\vboxmanage"' is not recognized as an internal or external command,
operable program or batch file. failure msg:
 '"C:\Users\harsh\Downloads\14.7_VM\vboxmanage"' is not recognized as an internal or external command,
operable program or batch file.
2022-12-29 20:51:50,666 FATAL: p.p:? - '"C:\Users\harsh\Downloads\14.7_VM\vboxmanage"' is not recognized as an internal or external command,
operable program or batch file.
2022-12-29 20:51:50,680 DEBUG: p.p:? - Done saving the installation record for none standalone Module<?>  ISE 14.7 Virtual Machine
2022-12-29 20:51:50,680 DEBUG: p.p:? - Done saving the installation record for none standalone Module<?>  ISE Design Suite in a Virtual Machine
2022-12-29 20:51:50,680 DEBUG: p.f:? - Module: ISE 14.7 Virtual Machine dest: C:\Users\harsh\Downloads\14.7_VM Archive numbers in module: 1 Total archive numbers: 1
2022-12-29 20:51:50,680 DEBUG: p.f:? - Module: ISE Design Suite in a Virtual Machine dest: C:\Users\harsh\Downloads\14.7_VM Archive numbers in module: 1 Total archive numbers: 2
2022-12-29 20:51:50,680 DEBUG: p.p:? - LaunchVlmString is 
2022-12-29 20:51:50,681 DEBUG: l.e:? - Adding - HKEY:HKEY_LOCAL_MACHINE ,Path:SOFTWARE\Microsoft\Windows\CurrentVersion\Uninstall\Xilinx_ISE 14.7_14.7#3 ,FieldName:URLInfoAbout ,FieldValue:http://www.xilinx.com
2022-12-29 20:51:50,682 DEBUG: n.o:? - r:/scratch/builds/14.7_VM/continuous/2020_02_13_2779366/src/products/installer/cxx-src/common/RegistryManager.cxx: - set :URLInfoAbout to: http://www.xilinx.com
2022-12-29 20:51:50,682 DEBUG: l.e:? - Adding - HKEY:HKEY_LOCAL_MACHINE ,Path:SOFTWARE\Microsoft\Windows\CurrentVersion\Uninstall\Xilinx_ISE 14.7_14.7#3 ,FieldName:InstallLocation ,FieldValue:C:\Users\harsh\Downloads
2022-12-29 20:51:50,683 DEBUG: n.o:? - r:/scratch/builds/14.7_VM/continuous/2020_02_13_2779366/src/products/installer/cxx-src/common/RegistryManager.cxx: - set :InstallLocation to: C:\Users\harsh\Downloads
2022-12-29 20:51:50,683 DEBUG: l.e:? - Adding - HKEY:HKEY_LOCAL_MACHINE ,Path:SOFTWARE\Microsoft\Windows\CurrentVersion\Uninstall\Xilinx_ISE 14.7_14.7#3 ,FieldName:BuildVersion ,FieldValue:14.7_VM_0213_1
2022-12-29 20:51:50,683 DEBUG: n.o:? - r:/scratch/builds/14.7_VM/continuous/2020_02_13_2779366/src/products/installer/cxx-src/common/RegistryManager.cxx: - set :BuildVersion to: 14.7_VM_0213_1
2022-12-29 20:51:50,683 DEBUG: l.e:? - Adding - HKEY:HKEY_LOCAL_MACHINE ,Path:SOFTWARE\Microsoft\Windows\CurrentVersion\Uninstall\Xilinx_ISE 14.7_14.7#3 ,FieldName:LaunchVlmString ,FieldValue:
2022-12-29 20:51:50,683 DEBUG: n.o:? - r:/scratch/builds/14.7_VM/continuous/2020_02_13_2779366/src/products/installer/cxx-src/common/RegistryManager.cxx: - set :LaunchVlmString to: 
2022-12-29 20:51:50,683 DEBUG: l.e:? - Adding - HKEY:HKEY_LOCAL_MACHINE ,Path:SOFTWARE\Microsoft\Windows\CurrentVersion\Uninstall\Xilinx_ISE 14.7_14.7#3 ,FieldName:Publisher ,FieldValue:Xilinx Inc.
2022-12-29 20:51:50,683 DEBUG: n.o:? - r:/scratch/builds/14.7_VM/continuous/2020_02_13_2779366/src/products/installer/cxx-src/common/RegistryManager.cxx: - set :Publisher to: Xilinx Inc.
2022-12-29 20:51:50,683 DEBUG: l.e:? - Adding - HKEY:HKEY_LOCAL_MACHINE ,Path:SOFTWARE\Microsoft\Windows\CurrentVersion\Uninstall\Xilinx_ISE 14.7_14.7#3 ,FieldName:XInstallPath ,FieldValue:C:\Users\harsh\Downloads\.xinstall\ISE_VM_14.7
2022-12-29 20:51:50,683 DEBUG: n.o:? - r:/scratch/builds/14.7_VM/continuous/2020_02_13_2779366/src/products/installer/cxx-src/common/RegistryManager.cxx: - set :XInstallPath to: C:\Users\harsh\Downloads\.xinstall\ISE_VM_14.7
2022-12-29 20:51:50,684 DEBUG: l.e:? - Adding - HKEY:HKEY_LOCAL_MACHINE ,Path:SOFTWARE\Microsoft\Windows\CurrentVersion\Uninstall\Xilinx_ISE 14.7_14.7#3 ,FieldName:DisplayName ,FieldValue:Xilinx Design Tools ISE 14.7 14.7 (C:\Users\harsh\Downloads)
2022-12-29 20:51:50,685 DEBUG: n.o:? - r:/scratch/builds/14.7_VM/continuous/2020_02_13_2779366/src/products/installer/cxx-src/common/RegistryManager.cxx: - set :DisplayName to: Xilinx Design Tools ISE 14.7 14.7 (C:\Users\harsh\Downloads)
2022-12-29 20:51:50,685 DEBUG: l.e:? - Adding - HKEY:HKEY_LOCAL_MACHINE ,Path:SOFTWARE\Microsoft\Windows\CurrentVersion\Uninstall\Xilinx_ISE 14.7_14.7#3 ,FieldName:URLUpdateInfo ,FieldValue:http://www.xilinx.com
2022-12-29 20:51:50,685 DEBUG: n.o:? - r:/scratch/builds/14.7_VM/continuous/2020_02_13_2779366/src/products/installer/cxx-src/common/RegistryManager.cxx: - set :URLUpdateInfo to: http://www.xilinx.com
2022-12-29 20:51:50,685 DEBUG: l.e:? - Adding - HKEY:HKEY_LOCAL_MACHINE ,Path:SOFTWARE\Microsoft\Windows\CurrentVersion\Uninstall\Xilinx_ISE 14.7_14.7#3 ,FieldName:RefKey ,FieldValue:ISE_VM_Edition
2022-12-29 20:51:50,685 DEBUG: n.o:? - r:/scratch/builds/14.7_VM/continuous/2020_02_13_2779366/src/products/installer/cxx-src/common/RegistryManager.cxx: - set :RefKey to: ISE_VM_Edition
2022-12-29 20:51:50,685 DEBUG: l.e:? - Adding - HKEY:HKEY_LOCAL_MACHINE ,Path:SOFTWARE\Microsoft\Windows\CurrentVersion\Uninstall\Xilinx_ISE 14.7_14.7#3 ,FieldName:DisplayVersion ,FieldValue:14.7
2022-12-29 20:51:50,685 DEBUG: n.o:? - r:/scratch/builds/14.7_VM/continuous/2020_02_13_2779366/src/products/installer/cxx-src/common/RegistryManager.cxx: - set :DisplayVersion to: 14.7
2022-12-29 20:51:50,685 DEBUG: l.e:? - Adding - HKEY:HKEY_LOCAL_MACHINE ,Path:SOFTWARE\Microsoft\Windows\CurrentVersion\Uninstall\Xilinx_ISE 14.7_14.7#3 ,FieldName:DisplayIcon ,FieldValue:C:\Users\harsh\Downloads\.xinstall\ISE_VM_14.7\xsetup.exe
2022-12-29 20:51:50,685 DEBUG: n.o:? - r:/scratch/builds/14.7_VM/continuous/2020_02_13_2779366/src/products/installer/cxx-src/common/RegistryManager.cxx: - set :DisplayIcon to: C:\Users\harsh\Downloads\.xinstall\ISE_VM_14.7\xsetup.exe
2022-12-29 20:51:50,685 DEBUG: l.e:? - Adding - HKEY:HKEY_LOCAL_MACHINE ,Path:SOFTWARE\Microsoft\Windows\CurrentVersion\Uninstall\Xilinx_ISE 14.7_14.7#3 ,FieldName:ProgramGroupFolder ,FieldValue:Xilinx Design Tools
2022-12-29 20:51:50,686 DEBUG: n.o:? - r:/scratch/builds/14.7_VM/continuous/2020_02_13_2779366/src/products/installer/cxx-src/common/RegistryManager.cxx: - set :ProgramGroupFolder to: Xilinx Design Tools
2022-12-29 20:51:50,686 DEBUG: l.e:? - Adding - HKEY:HKEY_LOCAL_MACHINE ,Path:SOFTWARE\Microsoft\Windows\CurrentVersion\Uninstall\Xilinx_ISE 14.7_14.7#3 ,FieldName:UninstallString ,FieldValue:C:\Users\harsh\Downloads\.xinstall\ISE_VM_14.7\xsetup.exe -Uninstall
2022-12-29 20:51:50,686 DEBUG: n.o:? - r:/scratch/builds/14.7_VM/continuous/2020_02_13_2779366/src/products/installer/cxx-src/common/RegistryManager.cxx: - set :UninstallString to: C:\Users\harsh\Downloads\.xinstall\ISE_VM_14.7\xsetup.exe -Uninstall
2022-12-29 20:51:50,715 DEBUG: p.p:? - Done saving the installation record in C:\Users\harsh\Downloads\.xinstall\ISE_VM_14.7
2022-12-29 20:51:50,715 ERROR: p.g:? - Install finalization step failed. Unable to run Import_ISE_VirtualAppliance_WIN64_script, exit code: 1, stdout: , stderr: '"C:\Users\harsh\Downloads\14.7_VM\vboxmanage"' is not recognized as an internal or external command,
operable program or batch file. failure msg:
 '"C:\Users\harsh\Downloads\14.7_VM\vboxmanage"' is not recognized as an internal or external command,
operable program or batch file.
2022-12-29 20:51:50,717 DEBUG: n.k:? - Immediately flush the log file.
