2022-12-29 20:48:10,028 DEBUG: com.xilinx.installer.api.e:? - Log file location: C:\Users\harsh\.Xilinx\xinstall\xinstall_1672327086159.log
2022-12-29 20:48:10,266 DEBUG: com.xilinx.installer.api.e:? - Memory usage -- Used memory: 5865 MB. Total memory: 7991 MB
Recent cpu usage for system: 100%
2022-12-29 20:48:10,277 DEBUG: com.xilinx.installer.api.d:? - This is a fresh installation.
2022-12-29 20:48:10,281 DEBUG: n.o:? - O: The system cannot find the file specified.

2022-12-29 20:48:10,604 DEBUG: com.xilinx.installer.api.e:? - PAYLOAD_LOCATION_FROM_USER is not set.
2022-12-29 20:48:10,606 DEBUG: com.xilinx.installer.api.e:? - Payload was found within the image, C:\Users\harsh\Downloads\Xilinx_ISE_14.7_Win10_14.7_VM_0213_1\bin\..\payload exists.
2022-12-29 20:48:10,607 DEBUG: com.xilinx.installer.gui.j:? - Class to load: com.xilinx.installer.gui.panel.WelcomePanel, refKey: WelcomePanel_Install
2022-12-29 20:48:10,624 DEBUG: com.xilinx.installer.gui.j:? - Class to load: com.xilinx.installer.gui.panel.eula.EULAsPanel, refKey: EULAPanel_Install
2022-12-29 20:48:10,657 DEBUG: com.xilinx.installer.gui.j:? - Class to load: com.xilinx.installer.gui.panel.packages.simple.ModulesPanel, refKey: ModulesPanel_Install
2022-12-29 20:48:10,686 DEBUG: p.f:? - Module: ISE 14.7 Virtual Machine dest: C:\Xilinx\14.7_VM Archive numbers in module: 1 Total archive numbers: 1
2022-12-29 20:48:10,687 DEBUG: p.f:? - Module: ISE Design Suite in a Virtual Machine dest: C:\Xilinx\14.7_VM Archive numbers in module: 1 Total archive numbers: 2
2022-12-29 20:48:10,689 DEBUG: com.xilinx.installer.gui.j:? - Class to load: com.xilinx.installer.gui.panel.destination.DestinationPanel, refKey: DestinationPanel_Install
2022-12-29 20:48:10,705 DEBUG: com.xilinx.installer.gui.j:? - Class to load: com.xilinx.installer.gui.panel.summary.SummaryPanel, refKey: SummaryPanel_Install
2022-12-29 20:48:10,707 DEBUG: com.xilinx.installer.gui.j:? - Class to load: com.xilinx.installer.gui.panel.progress.ModernProgressPanel, refKey: ProgressPanel_Install
2022-12-29 20:48:17,679 DEBUG: com.xilinx.installer.api.e:? - Validate that virtualization is enabled in BIOS - C:\Users\harsh\Downloads\Xilinx_ISE_14.7_Win10_14.7_VM_0213_1\bin\\..\bin\validate_virtualization_enabled.bat
2022-12-29 20:48:19,077 DEBUG: com.xilinx.installer.api.e:? - Virtualization is enabled
2022-12-29 20:48:19,079 DEBUG: com.xilinx.installer.gui.panel.WelcomePanel:? - 
2022-12-29 20:48:19,079 DEBUG: n.o:? - O: The system cannot find the file specified.

2022-12-29 20:48:26,201 DEBUG: p.f:? - Module: ISE 14.7 Virtual Machine dest: C:\Xilinx\14.7_VM Archive numbers in module: 1 Total archive numbers: 1
2022-12-29 20:48:26,201 DEBUG: p.f:? - Module: ISE Design Suite in a Virtual Machine dest: C:\Xilinx\14.7_VM Archive numbers in module: 1 Total archive numbers: 2
2022-12-29 20:49:01,544 DEBUG: p.f:? - Module: ISE 14.7 Virtual Machine dest: C:\Xilinx\14.7_VM Archive numbers in module: 1 Total archive numbers: 1
2022-12-29 20:49:01,544 DEBUG: p.f:? - Module: ISE Design Suite in a Virtual Machine dest: C:\Xilinx\14.7_VM Archive numbers in module: 1 Total archive numbers: 2
2022-12-29 20:49:01,548 DEBUG: p.f:? - Module: ISE 14.7 Virtual Machine dest: C:\Xilinx\14.7_VM Archive numbers in module: 1 Total archive numbers: 1
2022-12-29 20:49:01,549 DEBUG: p.f:? - Module: ISE Design Suite in a Virtual Machine dest: C:\Xilinx\14.7_VM Archive numbers in module: 1 Total archive numbers: 2
2022-12-29 20:49:01,551 DEBUG: com.xilinx.installer.api.e:? - ISE_Images_Installer, archive: installer_0003_14.7_VM_0213_1 max dest path length: 58
2022-12-29 20:49:01,551 DEBUG: p.f:? - Max dest path (including dest dir: 68
2022-12-29 20:49:01,554 DEBUG: p.f:? - Module: ISE 14.7 Virtual Machine dest: C:\Xilinx\14.7_VM Archive numbers in module: 1 Total archive numbers: 1
2022-12-29 20:49:01,554 DEBUG: p.f:? - Module: ISE Design Suite in a Virtual Machine dest: C:\Xilinx\14.7_VM Archive numbers in module: 1 Total archive numbers: 2
2022-12-29 20:49:01,555 DEBUG: com.xilinx.installer.api.e:? - ISE_Images_Installer, archive: installer_0003_14.7_VM_0213_1 max dest path length: 58
2022-12-29 20:49:01,555 DEBUG: p.f:? - Max dest path (including dest dir: 68
2022-12-29 20:49:14,039 DEBUG: p.f:? - Module: ISE 14.7 Virtual Machine dest: C:\Xilinx\14.7_VM Archive numbers in module: 1 Total archive numbers: 1
2022-12-29 20:49:14,040 DEBUG: p.f:? - Module: ISE Design Suite in a Virtual Machine dest: C:\Xilinx\14.7_VM Archive numbers in module: 1 Total archive numbers: 2
2022-12-29 20:49:14,044 DEBUG: p.f:? - Module: ISE 14.7 Virtual Machine dest: C:\Xilinx\14.7_VM Archive numbers in module: 1 Total archive numbers: 1
2022-12-29 20:49:14,045 DEBUG: p.f:? - Module: ISE Design Suite in a Virtual Machine dest: C:\Xilinx\14.7_VM Archive numbers in module: 1 Total archive numbers: 2
2022-12-29 20:49:14,047 DEBUG: com.xilinx.installer.api.e:? - ISE_Images_Installer, archive: installer_0003_14.7_VM_0213_1 max dest path length: 58
2022-12-29 20:49:14,047 DEBUG: p.f:? - Max dest path (including dest dir: 83
2022-12-29 20:49:28,278 DEBUG: p.f:? - Module: ISE 14.7 Virtual Machine dest: C:\Users\harsh\Downloads\14.7_VM Archive numbers in module: 1 Total archive numbers: 1
2022-12-29 20:49:28,278 DEBUG: p.f:? - Module: ISE Design Suite in a Virtual Machine dest: C:\Users\harsh\Downloads\14.7_VM Archive numbers in module: 1 Total archive numbers: 2
2022-12-29 20:49:28,278 DEBUG: p.f:? - Module: ISE 14.7 Virtual Machine dest: C:\Users\harsh\Downloads\14.7_VM Archive numbers in module: 1 Total archive numbers: 1
2022-12-29 20:49:28,278 DEBUG: p.f:? - Module: ISE Design Suite in a Virtual Machine dest: C:\Users\harsh\Downloads\14.7_VM Archive numbers in module: 1 Total archive numbers: 2
2022-12-29 20:49:29,256 INFO : p.f:? - Installing Edition: ISE 14.7
2022-12-29 20:49:29,257 INFO : p.f:? - Installation directory is C:\Users\harsh\Downloads
2022-12-29 20:49:29,257 DEBUG: p.f:? - The default xinstall directory will be set to C:\Users\harsh\Downloads\.xinstall\ISE_VM_14.7
2022-12-29 20:49:29,332 DEBUG: p.f:? - Module: ISE 14.7 Virtual Machine dest: C:\Users\harsh\Downloads\14.7_VM Archive numbers in module: 1 Total archive numbers: 1
2022-12-29 20:49:29,332 DEBUG: p.f:? - Module: ISE Design Suite in a Virtual Machine dest: C:\Users\harsh\Downloads\14.7_VM Archive numbers in module: 1 Total archive numbers: 2
2022-12-29 20:49:29,332 DEBUG: p.f:? - Number of archives to extract: 4
2022-12-29 20:49:29,335 DEBUG: a.i:? - Using 4 cores to extract archives.
2022-12-29 20:49:29,339 DEBUG: a.i:? - Start to extract archives without symlink files. Totally 4 archives.
2022-12-29 20:49:29,342 DEBUG: a.j:? - Start extraction for file: C:\Users\harsh\Downloads\Xilinx_ISE_14.7_Win10_14.7_VM_0213_1\bin\..\payload\ip_0002_14.7_VM_0213_1.xz, to: C:\Users\harsh\Downloads\14.7_VM
2022-12-29 20:49:29,342 DEBUG: a.j:? - Start extraction for file: C:\Users\harsh\Downloads\Xilinx_ISE_14.7_Win10_14.7_VM_0213_1\bin\..\payload\installer_0003_14.7_VM_0213_1.xz, to: C:\Users\harsh\Downloads\.xinstall\ISE_VM_14.7
2022-12-29 20:49:29,342 DEBUG: a.j:? - Start extraction for file: C:\Users\harsh\Downloads\Xilinx_ISE_14.7_Win10_14.7_VM_0213_1\bin\..\payload\installer_0004_14.7_VM_0213_1.xz, to: C:\Users\harsh\Downloads\.xinstall\ISE_VM_14.7
2022-12-29 20:49:29,342 DEBUG: a.j:? - Start extraction for file: C:\Users\harsh\Downloads\Xilinx_ISE_14.7_Win10_14.7_VM_0213_1\bin\..\payload\ip_0001_14.7_VM_0213_1.xz, to: C:\Users\harsh\Downloads\14.7_VM
2022-12-29 20:49:29,579 DEBUG: a.j:? - Extracted file: C:\Users\harsh\Downloads\Xilinx_ISE_14.7_Win10_14.7_VM_0213_1\bin\..\payload\ip_0002_14.7_VM_0213_1.xz, to: C:\Users\harsh\Downloads\14.7_VM, in 236 mili-sec
Memory usage -- Used memory: 5795 MB. Total memory: 7991 MB
Recent cpu usage for system: 23%
2022-12-29 20:49:29,580 DEBUG: a.k:? - number of files to extract:328 number of files extracted: 15
2022-12-29 20:49:29,676 DEBUG: a.j:? - Extracted file: C:\Users\harsh\Downloads\Xilinx_ISE_14.7_Win10_14.7_VM_0213_1\bin\..\payload\ip_0001_14.7_VM_0213_1.xz, to: C:\Users\harsh\Downloads\14.7_VM, in 333 mili-sec
Memory usage -- Used memory: 5804 MB. Total memory: 7991 MB
Recent cpu usage for system: 23%
2022-12-29 20:49:29,677 DEBUG: a.k:? - number of files to extract:328 number of files extracted: 19
2022-12-29 20:49:29,861 DEBUG: a.j:? - Extracted file: C:\Users\harsh\Downloads\Xilinx_ISE_14.7_Win10_14.7_VM_0213_1\bin\..\payload\installer_0004_14.7_VM_0213_1.xz, to: C:\Users\harsh\Downloads\.xinstall\ISE_VM_14.7, in 518 mili-sec
Memory usage -- Used memory: 5808 MB. Total memory: 7991 MB
Recent cpu usage for system: 23%
2022-12-29 20:49:29,861 DEBUG: a.k:? - number of files to extract:328 number of files extracted: 82
2022-12-29 20:49:33,860 DEBUG: a.j:? - Extracted file: C:\Users\harsh\Downloads\Xilinx_ISE_14.7_Win10_14.7_VM_0213_1\bin\..\payload\installer_0003_14.7_VM_0213_1.xz, to: C:\Users\harsh\Downloads\.xinstall\ISE_VM_14.7, in 4516 mili-sec
Memory usage -- Used memory: 6001 MB. Total memory: 7991 MB
Recent cpu usage for system: 62%
2022-12-29 20:49:33,861 DEBUG: a.k:? - number of files to extract:328 number of files extracted: 328
2022-12-29 20:49:33,861 DEBUG: a.i:? - Start to extract archives with symlink files. Totally 0 archives.
2022-12-29 20:49:33,861 DEBUG: a.i:? - Extracted all archives in 4 seconds
2022-12-29 20:49:33,861 DEBUG: a.i:? - Extracted all archives in 0:0:0:4
2022-12-29 20:49:33,861 DEBUG: a.i:? - During extraction, the average memory usage for system is: 5851 MB. The average cpu usage for system is: 32%
2022-12-29 20:49:35,210 DEBUG: p.f:? - No xic config file found under C:\Users\harsh\Downloads\Xilinx_ISE_14.7_Win10_14.7_VM_0213_1\bin\..\data\xic.cfg
2022-12-29 20:49:35,211 DEBUG: p.p:? - Creating install level shortcuts.
2022-12-29 20:49:35,211 DEBUG: p.p:? - Creating shortcuts for Module<?>  ISE 14.7 Virtual Machine
2022-12-29 20:49:35,211 DEBUG: n.o:? - O: The system cannot find the file specified.

2022-12-29 20:49:35,211 DEBUG: n.o:? - O: The system cannot find the file specified.

2022-12-29 20:49:35,212 DEBUG: n.o:? - O: The system cannot find the file specified.

2022-12-29 20:49:35,212 DEBUG: n.o:? - O: The system cannot find the file specified.

2022-12-29 20:49:35,212 DEBUG: n.o:? - O: The system cannot find the file specified.

2022-12-29 20:49:35,212 DEBUG: n.o:? - O: The system cannot find the file specified.

2022-12-29 20:49:35,212 DEBUG: n.o:? - O: The system cannot find the file specified.

2022-12-29 20:49:35,212 DEBUG: n.o:? - O: The system cannot find the file specified.

2022-12-29 20:49:35,213 DEBUG: p.p:? - Creating shortcut: C:\Users\harsh\Downloads\14.7_VM\bin\app_launcher.bat args: "C:\Users\harsh\Downloads\14.7_VM" impact icon file: C:\Users\harsh\Downloads\14.7_VM\data\images\impact.ico startIn: %APPDATA%\Xilinx
2022-12-29 20:49:35,213 DEBUG: p.p:? - Creating desktop shortcut: C:\Users\harsh\Downloads\14.7_VM\bin\app_launcher.bat
2022-12-29 20:49:35,213 DEBUG: n.o:? - r:/scratch/builds/14.7_VM/continuous/2020_02_13_2779366/src/products/installer/cxx-src/common/WinShortcutHelper.cxx: - CreateDesktopShortcut: targetFile: C:\Users\harsh\Downloads\14.7_VM\bin\app_launcher.bat,
	launchDir: %APPDATA%\Xilinx,
	args: "C:\Users\harsh\Downloads\14.7_VM" impact,
	iconFile: C:\Users\harsh\Downloads\14.7_VM\data\images\impact.ico,
	linkName: iMPACT.lnk,
	description: iMPACT,
	minimized: true,
	isForce: true
	currentuser
2022-12-29 20:49:35,223 DEBUG: n.o:? - r:/scratch/builds/14.7_VM/continuous/2020_02_13_2779366/src/products/installer/cxx-src/common/WinShortcutHelper.cxx: - Created shortcut
	execPath: C:\Users\harsh\Downloads\14.7_VM\bin\app_launcher.bat
	linkName: iMPACT.lnk
	description: iMPACT
	iconFile: C:\Users\harsh\Downloads\14.7_VM\data\images\impact.ico
	launchDir: %APPDATA%\Xilinx
	args: "C:\Users\harsh\Downloads\14.7_VM" impact
	minimized: true
2022-12-29 20:49:35,223 DEBUG: m.c:? - Desktop shortcut creation status: OK_E, msg: Created shortcut
	execPath: C:\Users\harsh\Downloads\14.7_VM\bin\app_launcher.bat
	linkName: iMPACT.lnk
	description: iMPACT
	iconFile: C:\Users\harsh\Downloads\14.7_VM\data\images\impact.ico
	launchDir: %APPDATA%\Xilinx
	args: "C:\Users\harsh\Downloads\14.7_VM" impact
	minimized: true
2022-12-29 20:49:35,223 DEBUG: n.o:? - O: The system cannot find the file specified.

2022-12-29 20:49:35,224 DEBUG: n.o:? - O: The system cannot find the file specified.

2022-12-29 20:49:35,224 DEBUG: n.o:? - O: The system cannot find the file specified.

2022-12-29 20:49:35,224 DEBUG: n.o:? - O: The system cannot find the file specified.

2022-12-29 20:49:35,224 DEBUG: n.o:? - O: The system cannot find the file specified.

2022-12-29 20:49:35,224 DEBUG: n.o:? - O: The system cannot find the file specified.

2022-12-29 20:49:35,224 DEBUG: n.o:? - O: The system cannot find the file specified.

2022-12-29 20:49:35,225 DEBUG: n.o:? - O: The system cannot find the file specified.

2022-12-29 20:49:35,225 DEBUG: p.p:? - Creating shortcut: C:\Users\harsh\Downloads\14.7_VM\bin\app_launcher.bat args: "C:\Users\harsh\Downloads\14.7_VM" analyzer icon file: C:\Users\harsh\Downloads\14.7_VM\data\images\analyzer.ico startIn: %APPDATA%\Xilinx
2022-12-29 20:49:35,225 DEBUG: p.p:? - Creating desktop shortcut: C:\Users\harsh\Downloads\14.7_VM\bin\app_launcher.bat
2022-12-29 20:49:35,225 DEBUG: n.o:? - r:/scratch/builds/14.7_VM/continuous/2020_02_13_2779366/src/products/installer/cxx-src/common/WinShortcutHelper.cxx: - CreateDesktopShortcut: targetFile: C:\Users\harsh\Downloads\14.7_VM\bin\app_launcher.bat,
	launchDir: %APPDATA%\Xilinx,
	args: "C:\Users\harsh\Downloads\14.7_VM" analyzer,
	iconFile: C:\Users\harsh\Downloads\14.7_VM\data\images\analyzer.ico,
	linkName: Analyzer.lnk,
	description: Analyzer,
	minimized: true,
	isForce: true
	currentuser
2022-12-29 20:49:35,228 DEBUG: n.o:? - r:/scratch/builds/14.7_VM/continuous/2020_02_13_2779366/src/products/installer/cxx-src/common/WinShortcutHelper.cxx: - Created shortcut
	execPath: C:\Users\harsh\Downloads\14.7_VM\bin\app_launcher.bat
	linkName: Analyzer.lnk
	description: Analyzer
	iconFile: C:\Users\harsh\Downloads\14.7_VM\data\images\analyzer.ico
	launchDir: %APPDATA%\Xilinx
	args: "C:\Users\harsh\Downloads\14.7_VM" analyzer
	minimized: true
2022-12-29 20:49:35,229 DEBUG: m.c:? - Desktop shortcut creation status: OK_E, msg: Created shortcut
	execPath: C:\Users\harsh\Downloads\14.7_VM\bin\app_launcher.bat
	linkName: Analyzer.lnk
	description: Analyzer
	iconFile: C:\Users\harsh\Downloads\14.7_VM\data\images\analyzer.ico
	launchDir: %APPDATA%\Xilinx
	args: "C:\Users\harsh\Downloads\14.7_VM" analyzer
	minimized: true
2022-12-29 20:49:35,229 DEBUG: n.o:? - O: The system cannot find the file specified.

2022-12-29 20:49:35,229 DEBUG: n.o:? - O: The system cannot find the file specified.

2022-12-29 20:49:35,229 DEBUG: n.o:? - O: The system cannot find the file specified.

2022-12-29 20:49:35,229 DEBUG: n.o:? - O: The system cannot find the file specified.

2022-12-29 20:49:35,230 DEBUG: n.o:? - O: The system cannot find the file specified.

2022-12-29 20:49:35,230 DEBUG: n.o:? - O: The system cannot find the file specified.

2022-12-29 20:49:35,230 DEBUG: n.o:? - O: The system cannot find the file specified.

2022-12-29 20:49:35,230 DEBUG: n.o:? - O: The system cannot find the file specified.

2022-12-29 20:49:35,230 DEBUG: p.p:? - Creating shortcut: C:\Users\harsh\Downloads\14.7_VM\bin\app_launcher.bat args: "C:\Users\harsh\Downloads\14.7_VM" ise icon file: C:\Users\harsh\Downloads\14.7_VM\data\images\projnav.ico startIn: %APPDATA%\Xilinx
2022-12-29 20:49:35,230 DEBUG: p.p:? - Creating desktop shortcut: C:\Users\harsh\Downloads\14.7_VM\bin\app_launcher.bat
2022-12-29 20:49:35,230 DEBUG: n.o:? - r:/scratch/builds/14.7_VM/continuous/2020_02_13_2779366/src/products/installer/cxx-src/common/WinShortcutHelper.cxx: - CreateDesktopShortcut: targetFile: C:\Users\harsh\Downloads\14.7_VM\bin\app_launcher.bat,
	launchDir: %APPDATA%\Xilinx,
	args: "C:\Users\harsh\Downloads\14.7_VM" ise,
	iconFile: C:\Users\harsh\Downloads\14.7_VM\data\images\projnav.ico,
	linkName: Project Navigator.lnk,
	description: Project Navigator,
	minimized: true,
	isForce: true
	currentuser
2022-12-29 20:49:35,234 DEBUG: n.o:? - r:/scratch/builds/14.7_VM/continuous/2020_02_13_2779366/src/products/installer/cxx-src/common/WinShortcutHelper.cxx: - Created shortcut
	execPath: C:\Users\harsh\Downloads\14.7_VM\bin\app_launcher.bat
	linkName: Project Navigator.lnk
	description: Project Navigator
	iconFile: C:\Users\harsh\Downloads\14.7_VM\data\images\projnav.ico
	launchDir: %APPDATA%\Xilinx
	args: "C:\Users\harsh\Downloads\14.7_VM" ise
	minimized: true
2022-12-29 20:49:35,235 DEBUG: m.c:? - Desktop shortcut creation status: OK_E, msg: Created shortcut
	execPath: C:\Users\harsh\Downloads\14.7_VM\bin\app_launcher.bat
	linkName: Project Navigator.lnk
	description: Project Navigator
	iconFile: C:\Users\harsh\Downloads\14.7_VM\data\images\projnav.ico
	launchDir: %APPDATA%\Xilinx
	args: "C:\Users\harsh\Downloads\14.7_VM" ise
	minimized: true
2022-12-29 20:49:35,235 DEBUG: n.o:? - O: The system cannot find the file specified.

2022-12-29 20:49:35,235 DEBUG: n.o:? - O: The system cannot find the file specified.

2022-12-29 20:49:35,235 DEBUG: n.o:? - O: The system cannot find the file specified.

2022-12-29 20:49:35,235 DEBUG: n.o:? - O: The system cannot find the file specified.

2022-12-29 20:49:35,235 DEBUG: n.o:? - O: The system cannot find the file specified.

2022-12-29 20:49:35,235 DEBUG: n.o:? - O: The system cannot find the file specified.

2022-12-29 20:49:35,235 DEBUG: n.o:? - O: The system cannot find the file specified.

2022-12-29 20:49:35,235 DEBUG: n.o:? - O: The system cannot find the file specified.

2022-12-29 20:49:35,235 DEBUG: p.p:? - Creating shortcut: C:\Users\harsh\Downloads\14.7_VM\bin\app_launcher.bat args: "C:\Users\harsh\Downloads\14.7_VM" xsdk icon file: C:\Users\harsh\Downloads\14.7_VM\data\images\sdk.ico startIn: %APPDATA%\Xilinx
2022-12-29 20:49:35,236 DEBUG: p.p:? - Creating program group shortcut: C:\Users\harsh\Downloads\14.7_VM\bin\app_launcher.bat
2022-12-29 20:49:35,236 DEBUG: n.o:? - r:/scratch/builds/14.7_VM/continuous/2020_02_13_2779366/src/products/installer/cxx-src/common/WinShortcutHelper.cxx: - CreateProgramGroupShortcut:  folderName: Xilinx Design Tools\.\EDK, targetFile: C:\Users\harsh\Downloads\14.7_VM\bin\app_launcher.bat,
	launchDir: %APPDATA%\Xilinx,
	args: "C:\Users\harsh\Downloads\14.7_VM" xsdk,
	iconFile: C:\Users\harsh\Downloads\14.7_VM\data\images\sdk.ico,
	linkName: Xilinx Software Development Kit.lnk,
	description: Xilinx Software Development Kit,
	minimized: true,
	isForce: true
	currentuser
2022-12-29 20:49:35,241 DEBUG: n.o:? - r:/scratch/builds/14.7_VM/continuous/2020_02_13_2779366/src/products/installer/cxx-src/common/WinShortcutHelper.cxx: - Created shortcut
	execPath: C:\Users\harsh\Downloads\14.7_VM\bin\app_launcher.bat
	linkName: Xilinx Software Development Kit.lnk
	description: Xilinx Software Development Kit
	iconFile: C:\Users\harsh\Downloads\14.7_VM\data\images\sdk.ico
	launchDir: %APPDATA%\Xilinx
	args: "C:\Users\harsh\Downloads\14.7_VM" xsdk
	minimized: true
2022-12-29 20:49:35,242 DEBUG: m.c:? - Program group shortcut creation status: OK_E, msg: Created shortcut
	execPath: C:\Users\harsh\Downloads\14.7_VM\bin\app_launcher.bat
	linkName: Xilinx Software Development Kit.lnk
	description: Xilinx Software Development Kit
	iconFile: C:\Users\harsh\Downloads\14.7_VM\data\images\sdk.ico
	launchDir: %APPDATA%\Xilinx
	args: "C:\Users\harsh\Downloads\14.7_VM" xsdk
	minimized: true
2022-12-29 20:49:35,242 DEBUG: n.o:? - O: The system cannot find the file specified.

2022-12-29 20:49:35,242 DEBUG: n.o:? - O: The system cannot find the file specified.

2022-12-29 20:49:35,242 DEBUG: n.o:? - O: The system cannot find the file specified.

2022-12-29 20:49:35,242 DEBUG: n.o:? - O: The system cannot find the file specified.

2022-12-29 20:49:35,243 DEBUG: n.o:? - O: The system cannot find the file specified.

2022-12-29 20:49:35,243 DEBUG: n.o:? - O: The system cannot find the file specified.

2022-12-29 20:49:35,243 DEBUG: n.o:? - O: The system cannot find the file specified.

2022-12-29 20:49:35,243 DEBUG: n.o:? - O: The system cannot find the file specified.

2022-12-29 20:49:35,243 DEBUG: p.p:? - Creating shortcut: C:\Users\harsh\Downloads\14.7_VM\bin\app_launcher.bat args: "C:\Users\harsh\Downloads\14.7_VM" impact icon file: C:\Users\harsh\Downloads\14.7_VM\data\images\impact.ico startIn: %APPDATA%\Xilinx
2022-12-29 20:49:35,243 DEBUG: p.p:? - Creating program group shortcut: C:\Users\harsh\Downloads\14.7_VM\bin\app_launcher.bat
2022-12-29 20:49:35,243 DEBUG: n.o:? - r:/scratch/builds/14.7_VM/continuous/2020_02_13_2779366/src/products/installer/cxx-src/common/WinShortcutHelper.cxx: - CreateProgramGroupShortcut:  folderName: Xilinx Design Tools\.\ISE Design Tools, targetFile: C:\Users\harsh\Downloads\14.7_VM\bin\app_launcher.bat,
	launchDir: %APPDATA%\Xilinx,
	args: "C:\Users\harsh\Downloads\14.7_VM" impact,
	iconFile: C:\Users\harsh\Downloads\14.7_VM\data\images\impact.ico,
	linkName: iMPACT.lnk,
	description: iMPACT,
	minimized: true,
	isForce: true
	currentuser
2022-12-29 20:49:35,249 DEBUG: n.o:? - r:/scratch/builds/14.7_VM/continuous/2020_02_13_2779366/src/products/installer/cxx-src/common/WinShortcutHelper.cxx: - Created shortcut
	execPath: C:\Users\harsh\Downloads\14.7_VM\bin\app_launcher.bat
	linkName: iMPACT.lnk
	description: iMPACT
	iconFile: C:\Users\harsh\Downloads\14.7_VM\data\images\impact.ico
	launchDir: %APPDATA%\Xilinx
	args: "C:\Users\harsh\Downloads\14.7_VM" impact
	minimized: true
2022-12-29 20:49:35,249 DEBUG: m.c:? - Program group shortcut creation status: OK_E, msg: Created shortcut
	execPath: C:\Users\harsh\Downloads\14.7_VM\bin\app_launcher.bat
	linkName: iMPACT.lnk
	description: iMPACT
	iconFile: C:\Users\harsh\Downloads\14.7_VM\data\images\impact.ico
	launchDir: %APPDATA%\Xilinx
	args: "C:\Users\harsh\Downloads\14.7_VM" impact
	minimized: true
2022-12-29 20:49:35,249 DEBUG: n.o:? - O: The system cannot find the file specified.

2022-12-29 20:49:35,249 DEBUG: n.o:? - O: The system cannot find the file specified.

2022-12-29 20:49:35,249 DEBUG: n.o:? - O: The system cannot find the file specified.

2022-12-29 20:49:35,249 DEBUG: n.o:? - O: The system cannot find the file specified.

2022-12-29 20:49:35,249 DEBUG: n.o:? - O: The system cannot find the file specified.

2022-12-29 20:49:35,249 DEBUG: n.o:? - O: The system cannot find the file specified.

2022-12-29 20:49:35,249 DEBUG: n.o:? - O: The system cannot find the file specified.

2022-12-29 20:49:35,249 DEBUG: n.o:? - O: The system cannot find the file specified.

2022-12-29 20:49:35,250 DEBUG: p.p:? - Creating shortcut: C:\Users\harsh\Downloads\14.7_VM\bin\app_launcher.bat args: "C:\Users\harsh\Downloads\14.7_VM" analyzer icon file: C:\Users\harsh\Downloads\14.7_VM\data\images\analyzer.ico startIn: %APPDATA%\Xilinx
2022-12-29 20:49:35,250 DEBUG: p.p:? - Creating program group shortcut: C:\Users\harsh\Downloads\14.7_VM\bin\app_launcher.bat
2022-12-29 20:49:35,250 DEBUG: n.o:? - r:/scratch/builds/14.7_VM/continuous/2020_02_13_2779366/src/products/installer/cxx-src/common/WinShortcutHelper.cxx: - CreateProgramGroupShortcut:  folderName: Xilinx Design Tools\.\Chipscope Pro, targetFile: C:\Users\harsh\Downloads\14.7_VM\bin\app_launcher.bat,
	launchDir: %APPDATA%\Xilinx,
	args: "C:\Users\harsh\Downloads\14.7_VM" analyzer,
	iconFile: C:\Users\harsh\Downloads\14.7_VM\data\images\analyzer.ico,
	linkName: Analyzer.lnk,
	description: Analyzer,
	minimized: true,
	isForce: true
	currentuser
2022-12-29 20:49:35,255 DEBUG: n.o:? - r:/scratch/builds/14.7_VM/continuous/2020_02_13_2779366/src/products/installer/cxx-src/common/WinShortcutHelper.cxx: - Created shortcut
	execPath: C:\Users\harsh\Downloads\14.7_VM\bin\app_launcher.bat
	linkName: Analyzer.lnk
	description: Analyzer
	iconFile: C:\Users\harsh\Downloads\14.7_VM\data\images\analyzer.ico
	launchDir: %APPDATA%\Xilinx
	args: "C:\Users\harsh\Downloads\14.7_VM" analyzer
	minimized: true
2022-12-29 20:49:35,255 DEBUG: m.c:? - Program group shortcut creation status: OK_E, msg: Created shortcut
	execPath: C:\Users\harsh\Downloads\14.7_VM\bin\app_launcher.bat
	linkName: Analyzer.lnk
	description: Analyzer
	iconFile: C:\Users\harsh\Downloads\14.7_VM\data\images\analyzer.ico
	launchDir: %APPDATA%\Xilinx
	args: "C:\Users\harsh\Downloads\14.7_VM" analyzer
	minimized: true
2022-12-29 20:49:35,255 DEBUG: n.o:? - O: The system cannot find the file specified.

2022-12-29 20:49:35,255 DEBUG: n.o:? - O: The system cannot find the file specified.

2022-12-29 20:49:35,255 DEBUG: n.o:? - O: The system cannot find the file specified.

2022-12-29 20:49:35,255 DEBUG: n.o:? - O: The system cannot find the file specified.

2022-12-29 20:49:35,255 DEBUG: n.o:? - O: The system cannot find the file specified.

2022-12-29 20:49:35,255 DEBUG: n.o:? - O: The system cannot find the file specified.

2022-12-29 20:49:35,255 DEBUG: n.o:? - O: The system cannot find the file specified.

2022-12-29 20:49:35,255 DEBUG: n.o:? - O: The system cannot find the file specified.

2022-12-29 20:49:35,255 DEBUG: p.p:? - Creating shortcut: C:\Users\harsh\Downloads\14.7_VM\bin\app_launcher.bat args: "C:\Users\harsh\Downloads\14.7_VM" ise icon file: C:\Users\harsh\Downloads\14.7_VM\data\images\projnav.ico startIn: %APPDATA%\Xilinx
2022-12-29 20:49:35,255 DEBUG: p.p:? - Creating program group shortcut: C:\Users\harsh\Downloads\14.7_VM\bin\app_launcher.bat
2022-12-29 20:49:35,256 DEBUG: n.o:? - r:/scratch/builds/14.7_VM/continuous/2020_02_13_2779366/src/products/installer/cxx-src/common/WinShortcutHelper.cxx: - CreateProgramGroupShortcut:  folderName: Xilinx Design Tools\., targetFile: C:\Users\harsh\Downloads\14.7_VM\bin\app_launcher.bat,
	launchDir: %APPDATA%\Xilinx,
	args: "C:\Users\harsh\Downloads\14.7_VM" ise,
	iconFile: C:\Users\harsh\Downloads\14.7_VM\data\images\projnav.ico,
	linkName: Project Navigator.lnk,
	description: Project Navigator,
	minimized: true,
	isForce: true
	currentuser
2022-12-29 20:49:35,265 DEBUG: n.o:? - r:/scratch/builds/14.7_VM/continuous/2020_02_13_2779366/src/products/installer/cxx-src/common/WinShortcutHelper.cxx: - Created shortcut
	execPath: C:\Users\harsh\Downloads\14.7_VM\bin\app_launcher.bat
	linkName: Project Navigator.lnk
	description: Project Navigator
	iconFile: C:\Users\harsh\Downloads\14.7_VM\data\images\projnav.ico
	launchDir: %APPDATA%\Xilinx
	args: "C:\Users\harsh\Downloads\14.7_VM" ise
	minimized: true
2022-12-29 20:49:35,265 DEBUG: m.c:? - Program group shortcut creation status: OK_E, msg: Created shortcut
	execPath: C:\Users\harsh\Downloads\14.7_VM\bin\app_launcher.bat
	linkName: Project Navigator.lnk
	description: Project Navigator
	iconFile: C:\Users\harsh\Downloads\14.7_VM\data\images\projnav.ico
	launchDir: %APPDATA%\Xilinx
	args: "C:\Users\harsh\Downloads\14.7_VM" ise
	minimized: true
2022-12-29 20:49:35,265 DEBUG: n.o:? - O: The system cannot find the file specified.

2022-12-29 20:49:35,265 DEBUG: n.o:? - O: The system cannot find the file specified.

2022-12-29 20:49:35,265 DEBUG: n.o:? - O: The system cannot find the file specified.

2022-12-29 20:49:35,265 DEBUG: n.o:? - O: The system cannot find the file specified.

2022-12-29 20:49:35,265 DEBUG: n.o:? - O: The system cannot find the file specified.

2022-12-29 20:49:35,265 DEBUG: n.o:? - O: The system cannot find the file specified.

2022-12-29 20:49:35,265 DEBUG: n.o:? - O: The system cannot find the file specified.

2022-12-29 20:49:35,265 DEBUG: n.o:? - O: The system cannot find the file specified.

2022-12-29 20:49:35,265 DEBUG: p.p:? - Creating shortcut: C:\Users\harsh\Downloads\14.7_VM\bin\app_launcher.bat args: "C:\Users\harsh\Downloads\14.7_VM" xps icon file: C:\Users\harsh\Downloads\14.7_VM\data\images\xps.ico startIn: %APPDATA%\Xilinx
2022-12-29 20:49:35,266 DEBUG: p.p:? - Creating program group shortcut: C:\Users\harsh\Downloads\14.7_VM\bin\app_launcher.bat
2022-12-29 20:49:35,266 DEBUG: n.o:? - r:/scratch/builds/14.7_VM/continuous/2020_02_13_2779366/src/products/installer/cxx-src/common/WinShortcutHelper.cxx: - CreateProgramGroupShortcut:  folderName: Xilinx Design Tools\.\EDK, targetFile: C:\Users\harsh\Downloads\14.7_VM\bin\app_launcher.bat,
	launchDir: %APPDATA%\Xilinx,
	args: "C:\Users\harsh\Downloads\14.7_VM" xps,
	iconFile: C:\Users\harsh\Downloads\14.7_VM\data\images\xps.ico,
	linkName: Xilinx Platform Studio.lnk,
	description: Xilinx Platform Studio,
	minimized: true,
	isForce: true
	currentuser
2022-12-29 20:49:35,271 DEBUG: n.o:? - r:/scratch/builds/14.7_VM/continuous/2020_02_13_2779366/src/products/installer/cxx-src/common/WinShortcutHelper.cxx: - Created shortcut
	execPath: C:\Users\harsh\Downloads\14.7_VM\bin\app_launcher.bat
	linkName: Xilinx Platform Studio.lnk
	description: Xilinx Platform Studio
	iconFile: C:\Users\harsh\Downloads\14.7_VM\data\images\xps.ico
	launchDir: %APPDATA%\Xilinx
	args: "C:\Users\harsh\Downloads\14.7_VM" xps
	minimized: true
2022-12-29 20:49:35,271 DEBUG: m.c:? - Program group shortcut creation status: OK_E, msg: Created shortcut
	execPath: C:\Users\harsh\Downloads\14.7_VM\bin\app_launcher.bat
	linkName: Xilinx Platform Studio.lnk
	description: Xilinx Platform Studio
	iconFile: C:\Users\harsh\Downloads\14.7_VM\data\images\xps.ico
	launchDir: %APPDATA%\Xilinx
	args: "C:\Users\harsh\Downloads\14.7_VM" xps
	minimized: true
2022-12-29 20:49:35,271 DEBUG: p.p:? - Creating shortcuts for Module<?>  ISE Design Suite in a Virtual Machine
2022-12-29 20:49:35,271 INFO : p.f:? - Creating registry entries
2022-12-29 20:49:35,273 DEBUG: n.o:? - O: The system cannot find the file specified.

2022-12-29 20:49:35,273 DEBUG: n.o:? - O: The system cannot find the file specified.

2022-12-29 20:49:35,592 DEBUG: n.o:? - O: The system cannot find the file specified.

2022-12-29 20:49:35,592 DEBUG: n.o:? - O: The system cannot find the file specified.

2022-12-29 20:49:35,837 DEBUG: p.p:? - Got, Illegal char <"> at index 0: "C:\Users\harsh\Downloads\14.7_VM\vboxmanage", ignoring
java.nio.file.InvalidPathException: Illegal char <"> at index 0: "C:\Users\harsh\Downloads\14.7_VM\vboxmanage"
	at sun.nio.fs.WindowsPathParser.normalize(WindowsPathParser.java:182)
	at sun.nio.fs.WindowsPathParser.parse(WindowsPathParser.java:153)
	at sun.nio.fs.WindowsPathParser.parse(WindowsPathParser.java:77)
	at sun.nio.fs.WindowsPath.parse(WindowsPath.java:94)
	at sun.nio.fs.WindowsFileSystem.getPath(WindowsFileSystem.java:255)
	at java.io.File.toPath(File.java:2234)
	at p.p.a(Unknown Source)
	at p.p.a(Unknown Source)
	at p.f.a(Unknown Source)
	at p.f.c(Unknown Source)
	at p.g.run(Unknown Source)
2022-12-29 20:49:35,838 DEBUG: n.o:? - O: The system cannot find the file specified.

2022-12-29 20:49:35,838 DEBUG: n.o:? - O: The system cannot find the file specified.

2022-12-29 20:49:36,300 DEBUG: n.o:? - O: The system cannot find the file specified.

2022-12-29 20:49:36,300 DEBUG: n.o:? - O: The system cannot find the file specified.

2022-12-29 20:49:36,598 DEBUG: n.o:? - O: The system cannot find the file specified.

2022-12-29 20:49:36,598 DEBUG: n.o:? - O: The system cannot find the file specified.

2022-12-29 20:49:36,913 DEBUG: n.o:? - O: The system cannot find the file specified.

2022-12-29 20:49:36,913 DEBUG: n.o:? - O: The system cannot find the file specified.

2022-12-29 20:49:37,218 DEBUG: n.o:? - O: The system cannot find the file specified.

2022-12-29 20:49:37,218 DEBUG: n.o:? - O: The system cannot find the file specified.

2022-12-29 20:49:37,513 DEBUG: n.o:? - O: The system cannot find the file specified.

2022-12-29 20:49:37,513 DEBUG: n.o:? - O: The system cannot find the file specified.

2022-12-29 20:49:37,827 DEBUG: n.o:? - O: The system cannot find the file specified.

2022-12-29 20:49:37,828 DEBUG: n.o:? - O: The system cannot find the file specified.

2022-12-29 20:49:38,224 DEBUG: n.o:? - O: The system cannot find the file specified.

2022-12-29 20:49:38,224 DEBUG: n.o:? - O: The system cannot find the file specified.

2022-12-29 20:49:38,724 DEBUG: n.o:? - O: The system cannot find the file specified.

2022-12-29 20:49:38,724 DEBUG: n.o:? - O: The system cannot find the file specified.

2022-12-29 20:49:39,022 DEBUG: n.o:? - O: The system cannot find the file specified.

2022-12-29 20:49:39,023 DEBUG: n.o:? - O: The system cannot find the file specified.

2022-12-29 20:49:39,386 DEBUG: n.o:? - O: The system cannot find the file specified.

2022-12-29 20:49:39,386 DEBUG: n.o:? - O: The system cannot find the file specified.

2022-12-29 20:49:39,735 DEBUG: n.o:? - O: The system cannot find the file specified.

2022-12-29 20:49:39,735 DEBUG: n.o:? - O: The system cannot find the file specified.

2022-12-29 20:49:40,013 DEBUG: p.p:? - Executing script Import ISE Virtual Appliance: "C:\Users\harsh\Downloads\14.7_VM\vboxmanage" [import, "C:\Users\harsh\Downloads\Xilinx_ISE_14.7_Win10_14.7_VM_0213_1\bin\\..\ova\14.7_VM.ova", --options, keepallmacs, --vsys, 0, --vmname, ISE_14.7_VIRTUAL_MACHINE, --unit, 14, --disk, C:\Users\harsh\Downloads\14.7_VM\vm\14.7_VM.vmdk]
2022-12-29 20:50:01,521 DEBUG: n.o:? - O: The system cannot find the file specified.

2022-12-29 20:50:01,522 DEBUG: n.o:? - O: The system cannot find the file specified.

2022-12-29 20:50:01,843 DEBUG: n.o:? - O: The system cannot find the file specified.

2022-12-29 20:50:01,843 DEBUG: n.o:? - O: The system cannot find the file specified.

2022-12-29 20:50:02,094 DEBUG: p.p:? - Got, Illegal char <"> at index 0: "C:\Users\harsh\Downloads\14.7_VM\vboxmanage", ignoring
java.nio.file.InvalidPathException: Illegal char <"> at index 0: "C:\Users\harsh\Downloads\14.7_VM\vboxmanage"
	at sun.nio.fs.WindowsPathParser.normalize(WindowsPathParser.java:182)
	at sun.nio.fs.WindowsPathParser.parse(WindowsPathParser.java:153)
	at sun.nio.fs.WindowsPathParser.parse(WindowsPathParser.java:77)
	at sun.nio.fs.WindowsPath.parse(WindowsPath.java:94)
	at sun.nio.fs.WindowsFileSystem.getPath(WindowsFileSystem.java:255)
	at java.io.File.toPath(File.java:2234)
	at p.p.a(Unknown Source)
	at p.p.a(Unknown Source)
	at p.f.a(Unknown Source)
	at p.f.c(Unknown Source)
	at p.g.run(Unknown Source)
2022-12-29 20:50:02,095 DEBUG: n.o:? - O: The system cannot find the file specified.

2022-12-29 20:50:02,095 DEBUG: n.o:? - O: The system cannot find the file specified.

2022-12-29 20:50:02,396 DEBUG: n.o:? - O: The system cannot find the file specified.

2022-12-29 20:50:02,396 DEBUG: n.o:? - O: The system cannot find the file specified.

2022-12-29 20:50:02,673 DEBUG: n.o:? - O: The system cannot find the file specified.

2022-12-29 20:50:02,673 DEBUG: n.o:? - O: The system cannot find the file specified.

2022-12-29 20:50:02,986 DEBUG: n.o:? - O: The system cannot find the file specified.

2022-12-29 20:50:02,986 DEBUG: n.o:? - O: The system cannot find the file specified.

2022-12-29 20:50:03,270 DEBUG: n.o:? - O: The system cannot find the file specified.

2022-12-29 20:50:03,270 DEBUG: n.o:? - O: The system cannot find the file specified.

2022-12-29 20:50:03,603 DEBUG: n.o:? - O: The system cannot find the file specified.

2022-12-29 20:50:03,604 DEBUG: n.o:? - O: The system cannot find the file specified.

2022-12-29 20:50:03,890 DEBUG: n.o:? - O: The system cannot find the file specified.

2022-12-29 20:50:03,890 DEBUG: n.o:? - O: The system cannot find the file specified.

2022-12-29 20:50:04,197 DEBUG: n.o:? - O: The system cannot find the file specified.

2022-12-29 20:50:04,197 DEBUG: n.o:? - O: The system cannot find the file specified.

2022-12-29 20:50:04,522 DEBUG: n.o:? - O: The system cannot find the file specified.

2022-12-29 20:50:04,522 DEBUG: n.o:? - O: The system cannot find the file specified.

2022-12-29 20:50:04,855 DEBUG: n.o:? - O: The system cannot find the file specified.

2022-12-29 20:50:04,855 DEBUG: n.o:? - O: The system cannot find the file specified.

2022-12-29 20:50:05,157 DEBUG: n.o:? - O: The system cannot find the file specified.

2022-12-29 20:50:05,158 DEBUG: n.o:? - O: The system cannot find the file specified.

2022-12-29 20:50:05,483 DEBUG: n.o:? - O: The system cannot find the file specified.

2022-12-29 20:50:05,484 DEBUG: n.o:? - O: The system cannot find the file specified.

2022-12-29 20:50:05,811 DEBUG: p.p:? - Executing script Import ISE Virtual Appliance: "C:\Users\harsh\Downloads\14.7_VM\vboxmanage" [import, "C:\Users\harsh\Downloads\Xilinx_ISE_14.7_Win10_14.7_VM_0213_1\bin\\..\ova\14.7_VM.ova", --options, keepallmacs, --vsys, 0, --vmname, ISE_14.7_VIRTUAL_MACHINE, --unit, 14, --disk, C:\Users\harsh\Downloads\14.7_VM\vm\14.7_VM.vmdk]
2022-12-29 20:50:05,846 DEBUG: p.p:? - Unable to run Import_ISE_VirtualAppliance_WIN64_script, exit code: 1, stdout: , stderr: '"C:\Users\harsh\Downloads\14.7_VM\vboxmanage"' is not recognized as an internal or external command,
operable program or batch file. failure msg:
 '"C:\Users\harsh\Downloads\14.7_VM\vboxmanage"' is not recognized as an internal or external command,
operable program or batch file.
2022-12-29 20:50:05,846 FATAL: p.p:? - '"C:\Users\harsh\Downloads\14.7_VM\vboxmanage"' is not recognized as an internal or external command,
operable program or batch file.
2022-12-29 20:50:05,864 DEBUG: p.p:? - Done saving the installation record for none standalone Module<?>  ISE 14.7 Virtual Machine
2022-12-29 20:50:05,864 DEBUG: p.p:? - Done saving the installation record for none standalone Module<?>  ISE Design Suite in a Virtual Machine
2022-12-29 20:50:05,864 DEBUG: p.f:? - Module: ISE 14.7 Virtual Machine dest: C:\Users\harsh\Downloads\14.7_VM Archive numbers in module: 1 Total archive numbers: 1
2022-12-29 20:50:05,864 DEBUG: p.f:? - Module: ISE Design Suite in a Virtual Machine dest: C:\Users\harsh\Downloads\14.7_VM Archive numbers in module: 1 Total archive numbers: 2
2022-12-29 20:50:05,864 DEBUG: p.p:? - LaunchVlmString is 
2022-12-29 20:50:05,865 DEBUG: l.e:? - Adding - HKEY:HKEY_LOCAL_MACHINE ,Path:SOFTWARE\Microsoft\Windows\CurrentVersion\Uninstall\Xilinx_ISE 14.7_14.7#2 ,FieldName:InstallLocation ,FieldValue:C:\Users\harsh\Downloads
2022-12-29 20:50:05,866 DEBUG: n.o:? - r:/scratch/builds/14.7_VM/continuous/2020_02_13_2779366/src/products/installer/cxx-src/common/RegistryManager.cxx: - set :InstallLocation to: C:\Users\harsh\Downloads
2022-12-29 20:50:05,866 DEBUG: l.e:? - Adding - HKEY:HKEY_LOCAL_MACHINE ,Path:SOFTWARE\Microsoft\Windows\CurrentVersion\Uninstall\Xilinx_ISE 14.7_14.7#2 ,FieldName:DisplayVersion ,FieldValue:14.7
2022-12-29 20:50:05,867 DEBUG: n.o:? - r:/scratch/builds/14.7_VM/continuous/2020_02_13_2779366/src/products/installer/cxx-src/common/RegistryManager.cxx: - set :DisplayVersion to: 14.7
2022-12-29 20:50:05,867 DEBUG: l.e:? - Adding - HKEY:HKEY_LOCAL_MACHINE ,Path:SOFTWARE\Microsoft\Windows\CurrentVersion\Uninstall\Xilinx_ISE 14.7_14.7#2 ,FieldName:UninstallString ,FieldValue:C:\Users\harsh\Downloads\.xinstall\ISE_VM_14.7\xsetup.exe -Uninstall
2022-12-29 20:50:05,867 DEBUG: n.o:? - r:/scratch/builds/14.7_VM/continuous/2020_02_13_2779366/src/products/installer/cxx-src/common/RegistryManager.cxx: - set :UninstallString to: C:\Users\harsh\Downloads\.xinstall\ISE_VM_14.7\xsetup.exe -Uninstall
2022-12-29 20:50:05,867 DEBUG: l.e:? - Adding - HKEY:HKEY_LOCAL_MACHINE ,Path:SOFTWARE\Microsoft\Windows\CurrentVersion\Uninstall\Xilinx_ISE 14.7_14.7#2 ,FieldName:URLInfoAbout ,FieldValue:http://www.xilinx.com
2022-12-29 20:50:05,867 DEBUG: n.o:? - r:/scratch/builds/14.7_VM/continuous/2020_02_13_2779366/src/products/installer/cxx-src/common/RegistryManager.cxx: - set :URLInfoAbout to: http://www.xilinx.com
2022-12-29 20:50:05,867 DEBUG: l.e:? - Adding - HKEY:HKEY_LOCAL_MACHINE ,Path:SOFTWARE\Microsoft\Windows\CurrentVersion\Uninstall\Xilinx_ISE 14.7_14.7#2 ,FieldName:DisplayIcon ,FieldValue:C:\Users\harsh\Downloads\.xinstall\ISE_VM_14.7\xsetup.exe
2022-12-29 20:50:05,867 DEBUG: n.o:? - r:/scratch/builds/14.7_VM/continuous/2020_02_13_2779366/src/products/installer/cxx-src/common/RegistryManager.cxx: - set :DisplayIcon to: C:\Users\harsh\Downloads\.xinstall\ISE_VM_14.7\xsetup.exe
2022-12-29 20:50:05,868 DEBUG: l.e:? - Adding - HKEY:HKEY_LOCAL_MACHINE ,Path:SOFTWARE\Microsoft\Windows\CurrentVersion\Uninstall\Xilinx_ISE 14.7_14.7#2 ,FieldName:URLUpdateInfo ,FieldValue:http://www.xilinx.com
2022-12-29 20:50:05,868 DEBUG: n.o:? - r:/scratch/builds/14.7_VM/continuous/2020_02_13_2779366/src/products/installer/cxx-src/common/RegistryManager.cxx: - set :URLUpdateInfo to: http://www.xilinx.com
2022-12-29 20:50:05,868 DEBUG: l.e:? - Adding - HKEY:HKEY_LOCAL_MACHINE ,Path:SOFTWARE\Microsoft\Windows\CurrentVersion\Uninstall\Xilinx_ISE 14.7_14.7#2 ,FieldName:ProgramGroupFolder ,FieldValue:Xilinx Design Tools
2022-12-29 20:50:05,868 DEBUG: n.o:? - r:/scratch/builds/14.7_VM/continuous/2020_02_13_2779366/src/products/installer/cxx-src/common/RegistryManager.cxx: - set :ProgramGroupFolder to: Xilinx Design Tools
2022-12-29 20:50:05,868 DEBUG: l.e:? - Adding - HKEY:HKEY_LOCAL_MACHINE ,Path:SOFTWARE\Microsoft\Windows\CurrentVersion\Uninstall\Xilinx_ISE 14.7_14.7#2 ,FieldName:RefKey ,FieldValue:ISE_VM_Edition
2022-12-29 20:50:05,868 DEBUG: n.o:? - r:/scratch/builds/14.7_VM/continuous/2020_02_13_2779366/src/products/installer/cxx-src/common/RegistryManager.cxx: - set :RefKey to: ISE_VM_Edition
2022-12-29 20:50:05,868 DEBUG: l.e:? - Adding - HKEY:HKEY_LOCAL_MACHINE ,Path:SOFTWARE\Microsoft\Windows\CurrentVersion\Uninstall\Xilinx_ISE 14.7_14.7#2 ,FieldName:XInstallPath ,FieldValue:C:\Users\harsh\Downloads\.xinstall\ISE_VM_14.7
2022-12-29 20:50:05,869 DEBUG: n.o:? - r:/scratch/builds/14.7_VM/continuous/2020_02_13_2779366/src/products/installer/cxx-src/common/RegistryManager.cxx: - set :XInstallPath to: C:\Users\harsh\Downloads\.xinstall\ISE_VM_14.7
2022-12-29 20:50:05,869 DEBUG: l.e:? - Adding - HKEY:HKEY_LOCAL_MACHINE ,Path:SOFTWARE\Microsoft\Windows\CurrentVersion\Uninstall\Xilinx_ISE 14.7_14.7#2 ,FieldName:LaunchVlmString ,FieldValue:
2022-12-29 20:50:05,869 DEBUG: n.o:? - r:/scratch/builds/14.7_VM/continuous/2020_02_13_2779366/src/products/installer/cxx-src/common/RegistryManager.cxx: - set :LaunchVlmString to: 
2022-12-29 20:50:05,869 DEBUG: l.e:? - Adding - HKEY:HKEY_LOCAL_MACHINE ,Path:SOFTWARE\Microsoft\Windows\CurrentVersion\Uninstall\Xilinx_ISE 14.7_14.7#2 ,FieldName:Publisher ,FieldValue:Xilinx Inc.
2022-12-29 20:50:05,869 DEBUG: n.o:? - r:/scratch/builds/14.7_VM/continuous/2020_02_13_2779366/src/products/installer/cxx-src/common/RegistryManager.cxx: - set :Publisher to: Xilinx Inc.
2022-12-29 20:50:05,869 DEBUG: l.e:? - Adding - HKEY:HKEY_LOCAL_MACHINE ,Path:SOFTWARE\Microsoft\Windows\CurrentVersion\Uninstall\Xilinx_ISE 14.7_14.7#2 ,FieldName:DisplayName ,FieldValue:Xilinx Design Tools ISE 14.7 14.7 (C:\Users\harsh\Downloads)
2022-12-29 20:50:05,870 DEBUG: n.o:? - r:/scratch/builds/14.7_VM/continuous/2020_02_13_2779366/src/products/installer/cxx-src/common/RegistryManager.cxx: - set :DisplayName to: Xilinx Design Tools ISE 14.7 14.7 (C:\Users\harsh\Downloads)
2022-12-29 20:50:05,870 DEBUG: l.e:? - Adding - HKEY:HKEY_LOCAL_MACHINE ,Path:SOFTWARE\Microsoft\Windows\CurrentVersion\Uninstall\Xilinx_ISE 14.7_14.7#2 ,FieldName:BuildVersion ,FieldValue:14.7_VM_0213_1
2022-12-29 20:50:05,870 DEBUG: n.o:? - r:/scratch/builds/14.7_VM/continuous/2020_02_13_2779366/src/products/installer/cxx-src/common/RegistryManager.cxx: - set :BuildVersion to: 14.7_VM_0213_1
2022-12-29 20:50:05,916 DEBUG: p.p:? - Done saving the installation record in C:\Users\harsh\Downloads\.xinstall\ISE_VM_14.7
2022-12-29 20:50:05,916 ERROR: p.g:? - Install finalization step failed. Unable to run Import_ISE_VirtualAppliance_WIN64_script, exit code: 1, stdout: , stderr: '"C:\Users\harsh\Downloads\14.7_VM\vboxmanage"' is not recognized as an internal or external command,
operable program or batch file. failure msg:
 '"C:\Users\harsh\Downloads\14.7_VM\vboxmanage"' is not recognized as an internal or external command,
operable program or batch file.
2022-12-29 20:50:05,918 DEBUG: n.k:? - Immediately flush the log file.
