00:00:00.074328 VirtualBox DHCP Server 7.0.4 r154605 win.amd64 (Nov 16 2022 15:32:42) release log
00:00:00.074330 Log opened 2023-01-05T00:43:58.145295900Z
00:00:00.074330 Build Type: release
00:00:00.074334 OS Product: Windows 11
00:00:00.074334 OS Release: 10.0.22000
00:00:00.074335 OS Service Pack: 
00:00:01.302681 DMI Product Name: 82H8
00:00:01.332668 DMI Product Version: IdeaPad 3 15ITL6
00:00:01.332683 Firmware type: UEFI
00:00:01.333503 Secure Boot: VERR_PRIVILEGE_NOT_HELD
00:00:01.333549 Host RAM: 7991MB (7.8GB) total, 30MB available
00:00:01.333553 Executable: C:\Program Files\Oracle\VirtualBox\VBoxNetDHCP.exe
00:00:01.333554 Process ID: 123520
00:00:01.333554 Package type: WINDOWS_64BITS_GENERIC
00:00:01.333752 --config:  HostInterfaceNetworking-VirtualBox Host-Only Ethernet Adapter
00:00:01.333760 --comment: HostInterfaceNetworking-VirtualBox Host-Only Ethernet Adapter
00:00:01.577386 IP address:   192.168.56.100/24
00:00:01.577451 Address pool: 192.168.56.101 - 192.168.56.254
00:00:01.577559 MAC address is not specified: will use generated MAC 08:00:27:ff:c3:47
00:00:01.577584 Db::i_enterFixedAddressAssignment: 08:00:27:ff:c3:47: 192.168.56.100
00:00:01.577593 loading leases from C:\Users\harsh\.VirtualBox\HostInterfaceNetworking-VirtualBox Host-Only Ethernet Adapter-Dhcpd.leases
00:00:01.581526 > LOAD: EXPIRED lease 192.168.56.102 to 08:00:27:68:c9:35, expired, valid from 2023-01-04T18:49:26Z for 600s until 2023-01-04T18:59:26Z
00:00:02.132686 SUP: Opened VMMR0.r0 (C:\Program Files\Oracle\VirtualBox\VMMR0.r0) at 0xXXXXXXXXXXXXXXXX loaded by the native ring-0 loader.
00:00:02.132717 SUP: windbg> .reload /f C:\Program Files\Oracle\VirtualBox\VMMR0.r0=0xXXXXXXXXXXXXXXXX
00:01:41.799524 REQUEST xid 0x73aa0d3b chaddr 08:00:27:68:c9:35
00:01:41.799867  ciaddr 192.168.56.102
00:01:41.800100  params { 1 28 2 121 15 6 12 40 41 42 26 119 3 121 249 33 42 }
00:01:41.800211 > allocateAddress to client 08:00:27:68:c9:35
00:01:41.800256 > ... found existing binding 192.168.56.102 to 08:00:27:68:c9:35, expired, valid from 2023-01-04T18:49:26Z for 600s until 2023-01-04T18:59:26Z
00:01:41.800270 Lease time 600 secs (default)
00:01:41.800356 writing leases to C:\Users\harsh\.VirtualBox\HostInterfaceNetworking-VirtualBox Host-Only Ethernet Adapter-Dhcpd.leases
00:01:41.806934 >>> requested option 1 (SubnetMask)
00:01:41.806952 ... always supplied
00:01:41.806955 >>> requested option 28 (BroadcastAddress)
00:01:41.806960 ... not found
00:01:41.806964 >>> requested option 2 (TimeOffset)
00:01:41.806967 ... not found
00:01:41.806970 >>> requested option 121 (unknown)
00:01:41.806974 ... not found
00:01:41.806977 >>> requested option 15 (DomainName)
00:01:41.806980 ... not found
00:01:41.806983 >>> requested option 6 (DNSes)
00:01:41.806986 ... not found
00:01:41.806990 >>> requested option 12 (HostName)
00:01:41.806993 ... not found
00:01:41.806996 >>> requested option 40 (NISDomain)
00:01:41.807000 ... not found
00:01:41.807003 >>> requested option 41 (NISServers)
00:01:41.807006 ... not found
00:01:41.807009 >>> requested option 42 (NTPServers)
00:01:41.807012 ... not found
00:01:41.807015 >>> requested option 26 (InterfaceMTU)
00:01:41.807019 ... not found
00:01:41.807022 >>> requested option 119 (DomainSearch)
00:01:41.807025 ... not found
00:01:41.807028 >>> requested option 3 (Routers)
00:01:41.807032 ... not found
00:01:41.807035 >>> requested option 249 (unknown)
00:01:41.807038 ... not found
00:01:41.807041 >>> requested option 33 (StaticRoute)
00:01:41.807045 ... not found
00:01:41.807126 encoding option 1 (SubnetMask)
00:01:41.807130 encoding option 51 (LeaseTime)
00:01:41.807148 ACK xid 0x73aa0d3b chaddr 08:00:27:68:c9:35
00:01:41.807168  ciaddr 192.168.56.102 yiaddr 192.168.56.102
00:01:41.807185 encoded message: 548 bytes
00:01:41.807193 0000016b3ce6c590/0000: 02 01 06 00 3b 0d aa 73-00 00 00 00 c0 a8 38 66 ....;..s......8f
00:01:41.807195 0000016b3ce6c5a0/0010: c0 a8 38 66 00 00 00 00-00 00 00 00 08 00 27 68 ..8f..........'h
00:01:41.807197 0000016b3ce6c5b0/0020: c9 35 00 00 00 00 00 00-00 00 00 00 00 00 00 00 .5..............
00:01:41.807198 0000016b3ce6c5c0/0030: 00 00 00 00 00 00 00 00-00 00 00 00 00 00 00 00 ................
00:01:41.807199 0000016b3ce6c5d0/0040: 00 00 00 00 00 00 00 00-00 00 00 00 00 00 00 00 ................
00:01:41.807201 0000016b3ce6c5e0/0050: 00 00 00 00 00 00 00 00-00 00 00 00 00 00 00 00 ................
00:01:41.807202 0000016b3ce6c5f0/0060: 00 00 00 00 00 00 00 00-00 00 00 00 00 00 00 00 ................
00:01:41.807203 0000016b3ce6c600/0070: 00 00 00 00 00 00 00 00-00 00 00 00 00 00 00 00 ................
00:01:41.807204 0000016b3ce6c610/0080: 00 00 00 00 00 00 00 00-00 00 00 00 00 00 00 00 ................
00:01:41.807206 0000016b3ce6c620/0090: 00 00 00 00 00 00 00 00-00 00 00 00 00 00 00 00 ................
00:01:41.807207 0000016b3ce6c630/00a0: 00 00 00 00 00 00 00 00-00 00 00 00 00 00 00 00 ................
00:01:41.807208 0000016b3ce6c640/00b0: 00 00 00 00 00 00 00 00-00 00 00 00 00 00 00 00 ................
00:01:41.807210 0000016b3ce6c650/00c0: 00 00 00 00 00 00 00 00-00 00 00 00 00 00 00 00 ................
00:01:41.807211 0000016b3ce6c660/00d0: 00 00 00 00 00 00 00 00-00 00 00 00 00 00 00 00 ................
00:01:41.807212 0000016b3ce6c670/00e0: 00 00 00 00 00 00 00 00-00 00 00 00 63 82 53 63 ............c.Sc
00:01:41.807213 0000016b3ce6c680/00f0: 36 04 c0 a8 38 64 35 01-05 01 04 ff ff ff 00 33 6...8d5........3
00:01:41.807215 0000016b3ce6c690/0100: 04 00 00 02 58 ff 00 00-00 00 00 00 00 00 00 00 ....X...........
00:01:41.807216 0000016b3ce6c6a0/0110: 00 00 00 00 00 00 00 00-00 00 00 00 00 00 00 00 ................
00:01:41.807218 0000016b3ce6c6b0/0120: 00 00 00 00 00 00 00 00-00 00 00 00 00 00 00 00 ................
00:01:41.807219 0000016b3ce6c6c0/0130: 00 00 00 00 00 00 00 00-00 00 00 00 00 00 00 00 ................
00:01:41.807220 0000016b3ce6c6d0/0140: 00 00 00 00 00 00 00 00-00 00 00 00 00 00 00 00 ................
00:01:41.807221 0000016b3ce6c6e0/0150: 00 00 00 00 00 00 00 00-00 00 00 00 00 00 00 00 ................
00:01:41.807223 0000016b3ce6c6f0/0160: 00 00 00 00 00 00 00 00-00 00 00 00 00 00 00 00 ................
00:01:41.807224 0000016b3ce6c700/0170: 00 00 00 00 00 00 00 00-00 00 00 00 00 00 00 00 ................
00:01:41.807225 0000016b3ce6c710/0180: 00 00 00 00 00 00 00 00-00 00 00 00 00 00 00 00 ................
00:01:41.807226 0000016b3ce6c720/0190: 00 00 00 00 00 00 00 00-00 00 00 00 00 00 00 00 ................
00:01:41.807228 0000016b3ce6c730/01a0: 00 00 00 00 00 00 00 00-00 00 00 00 00 00 00 00 ................
00:01:41.807229 0000016b3ce6c740/01b0: 00 00 00 00 00 00 00 00-00 00 00 00 00 00 00 00 ................
00:01:41.807230 0000016b3ce6c750/01c0: 00 00 00 00 00 00 00 00-00 00 00 00 00 00 00 00 ................
00:01:41.807232 0000016b3ce6c760/01d0: 00 00 00 00 00 00 00 00-00 00 00 00 00 00 00 00 ................
00:01:41.807235 0000016b3ce6c770/01e0: 00 00 00 00 00 00 00 00-00 00 00 00 00 00 00 00 ................
00:01:41.807236 0000016b3ce6c780/01f0: 00 00 00 00 00 00 00 00-00 00 00 00 00 00 00 00 ................
00:01:41.807237 0000016b3ce6c790/0200: 00 00 00 00 00 00 00 00-00 00 00 00 00 00 00 00 ................
00:01:41.807239 0000016b3ce6c7a0/0210: 00 00 00 00 00 00 00 00-00 00 00 00 00 00 00 00 ................
00:01:41.807240 0000016b3ce6c7b0/0220: 00 00 00 00                                     ....
00:06:06.879648 REQUEST xid 0x73aa0d3b chaddr 08:00:27:68:c9:35
00:06:06.880464  ciaddr 192.168.56.102
00:06:06.881347  params { 1 28 2 121 15 6 12 40 41 42 26 119 3 121 249 33 42 }
00:06:06.881863 > allocateAddress to client 08:00:27:68:c9:35
00:06:06.881980 > ... found existing binding 192.168.56.102 to 08:00:27:68:c9:35, acked, valid from 2023-01-05T00:45:39Z for 600s until 2023-01-05T00:55:39Z
00:06:06.882027 Lease time 600 secs (default)
00:06:06.882655 writing leases to C:\Users\harsh\.VirtualBox\HostInterfaceNetworking-VirtualBox Host-Only Ethernet Adapter-Dhcpd.leases
00:06:06.894923 >>> requested option 1 (SubnetMask)
00:06:06.894944 ... always supplied
00:06:06.894954 >>> requested option 28 (BroadcastAddress)
00:06:06.895093 ... not found
00:06:06.895107 >>> requested option 2 (TimeOffset)
00:06:06.895113 ... not found
00:06:06.895119 >>> requested option 121 (unknown)
00:06:06.895125 ... not found
00:06:06.895130 >>> requested option 15 (DomainName)
00:06:06.895136 ... not found
00:06:06.895141 >>> requested option 6 (DNSes)
00:06:06.895147 ... not found
00:06:06.895152 >>> requested option 12 (HostName)
00:06:06.895159 ... not found
00:06:06.895164 >>> requested option 40 (NISDomain)
00:06:06.895170 ... not found
00:06:06.895175 >>> requested option 41 (NISServers)
00:06:06.895180 ... not found
00:06:06.895186 >>> requested option 42 (NTPServers)
00:06:06.895192 ... not found
00:06:06.895197 >>> requested option 26 (InterfaceMTU)
00:06:06.895202 ... not found
00:06:06.895207 >>> requested option 119 (DomainSearch)
00:06:06.895213 ... not found
00:06:06.895219 >>> requested option 3 (Routers)
00:06:06.895224 ... not found
00:06:06.895230 >>> requested option 249 (unknown)
00:06:06.895235 ... not found
00:06:06.895241 >>> requested option 33 (StaticRoute)
00:06:06.895246 ... not found
00:06:06.895257 encoding option 1 (SubnetMask)
00:06:06.895263 encoding option 51 (LeaseTime)
00:06:06.895824 ACK xid 0x73aa0d3b chaddr 08:00:27:68:c9:35
00:06:06.895877  ciaddr 192.168.56.102 yiaddr 192.168.56.102
00:06:06.895894 encoded message: 548 bytes
00:06:06.895899 0000016b3ce6a920/0000: 02 01 06 00 3b 0d aa 73-00 00 00 00 c0 a8 38 66 ....;..s......8f
00:06:06.895904 0000016b3ce6a930/0010: c0 a8 38 66 00 00 00 00-00 00 00 00 08 00 27 68 ..8f..........'h
00:06:06.895907 0000016b3ce6a940/0020: c9 35 00 00 00 00 00 00-00 00 00 00 00 00 00 00 .5..............
00:06:06.895909 0000016b3ce6a950/0030: 00 00 00 00 00 00 00 00-00 00 00 00 00 00 00 00 ................
00:06:06.895912 0000016b3ce6a960/0040: 00 00 00 00 00 00 00 00-00 00 00 00 00 00 00 00 ................
00:06:06.895914 0000016b3ce6a970/0050: 00 00 00 00 00 00 00 00-00 00 00 00 00 00 00 00 ................
00:06:06.895916 0000016b3ce6a980/0060: 00 00 00 00 00 00 00 00-00 00 00 00 00 00 00 00 ................
00:06:06.895918 0000016b3ce6a990/0070: 00 00 00 00 00 00 00 00-00 00 00 00 00 00 00 00 ................
00:06:06.895920 0000016b3ce6a9a0/0080: 00 00 00 00 00 00 00 00-00 00 00 00 00 00 00 00 ................
00:06:06.895922 0000016b3ce6a9b0/0090: 00 00 00 00 00 00 00 00-00 00 00 00 00 00 00 00 ................
00:06:06.895925 0000016b3ce6a9c0/00a0: 00 00 00 00 00 00 00 00-00 00 00 00 00 00 00 00 ................
00:06:06.895927 0000016b3ce6a9d0/00b0: 00 00 00 00 00 00 00 00-00 00 00 00 00 00 00 00 ................
00:06:06.895929 0000016b3ce6a9e0/00c0: 00 00 00 00 00 00 00 00-00 00 00 00 00 00 00 00 ................
00:06:06.895931 0000016b3ce6a9f0/00d0: 00 00 00 00 00 00 00 00-00 00 00 00 00 00 00 00 ................
00:06:06.895933 0000016b3ce6aa00/00e0: 00 00 00 00 00 00 00 00-00 00 00 00 63 82 53 63 ............c.Sc
00:06:06.895936 0000016b3ce6aa10/00f0: 36 04 c0 a8 38 64 35 01-05 01 04 ff ff ff 00 33 6...8d5........3
00:06:06.895938 0000016b3ce6aa20/0100: 04 00 00 02 58 ff 00 00-00 00 00 00 00 00 00 00 ....X...........
00:06:06.895940 0000016b3ce6aa30/0110: 00 00 00 00 00 00 00 00-00 00 00 00 00 00 00 00 ................
00:06:06.895943 0000016b3ce6aa40/0120: 00 00 00 00 00 00 00 00-00 00 00 00 00 00 00 00 ................
00:06:06.895945 0000016b3ce6aa50/0130: 00 00 00 00 00 00 00 00-00 00 00 00 00 00 00 00 ................
00:06:06.895947 0000016b3ce6aa60/0140: 00 00 00 00 00 00 00 00-00 00 00 00 00 00 00 00 ................
00:06:06.895949 0000016b3ce6aa70/0150: 00 00 00 00 00 00 00 00-00 00 00 00 00 00 00 00 ................
00:06:06.895951 0000016b3ce6aa80/0160: 00 00 00 00 00 00 00 00-00 00 00 00 00 00 00 00 ................
00:06:06.895953 0000016b3ce6aa90/0170: 00 00 00 00 00 00 00 00-00 00 00 00 00 00 00 00 ................
00:06:06.895955 0000016b3ce6aaa0/0180: 00 00 00 00 00 00 00 00-00 00 00 00 00 00 00 00 ................
00:06:06.895958 0000016b3ce6aab0/0190: 00 00 00 00 00 00 00 00-00 00 00 00 00 00 00 00 ................
00:06:06.895960 0000016b3ce6aac0/01a0: 00 00 00 00 00 00 00 00-00 00 00 00 00 00 00 00 ................
00:06:06.895962 0000016b3ce6aad0/01b0: 00 00 00 00 00 00 00 00-00 00 00 00 00 00 00 00 ................
00:06:06.895964 0000016b3ce6aae0/01c0: 00 00 00 00 00 00 00 00-00 00 00 00 00 00 00 00 ................
00:06:06.895966 0000016b3ce6aaf0/01d0: 00 00 00 00 00 00 00 00-00 00 00 00 00 00 00 00 ................
00:06:06.896001 0000016b3ce6ab00/01e0: 00 00 00 00 00 00 00 00-00 00 00 00 00 00 00 00 ................
00:06:06.896005 0000016b3ce6ab10/01f0: 00 00 00 00 00 00 00 00-00 00 00 00 00 00 00 00 ................
00:06:06.896008 0000016b3ce6ab20/0200: 00 00 00 00 00 00 00 00-00 00 00 00 00 00 00 00 ................
00:06:06.896010 0000016b3ce6ab30/0210: 00 00 00 00 00 00 00 00-00 00 00 00 00 00 00 00 ................
00:06:06.896012 0000016b3ce6ab40/0220: 00 00 00 00                                     ....
